{"/Users/davidedelhart/Documents/repos/collections/dist/index.js":{"path":"/Users/davidedelhart/Documents/repos/collections/dist/index.js","statementMap":{"0":{"start":{"line":1,"column":45},"end":{"line":1,"column":92}},"1":{"start":{"line":2,"column":29},"end":{"line":2,"column":56}},"2":{"start":{"line":3,"column":28},"end":{"line":3,"column":54}},"3":{"start":{"line":6,"column":2},"end":{"line":6,"column":76}},"4":{"start":{"line":9,"column":2},"end":{"line":9,"column":86}},"5":{"start":{"line":12,"column":2},"end":{"line":12,"column":43}},"6":{"start":{"line":15,"column":0},"end":{"line":15,"column":42}},"7":{"start":{"line":17,"column":0},"end":{"line":17,"column":90}},"8":{"start":{"line":17,"column":48},"end":{"line":17,"column":88}},"9":{"start":{"line":18,"column":0},"end":{"line":18,"column":89}},"10":{"start":{"line":18,"column":47},"end":{"line":18,"column":87}},"11":{"start":{"line":19,"column":0},"end":{"line":19,"column":73}},"12":{"start":{"line":19,"column":46},"end":{"line":19,"column":71}},"13":{"start":{"line":20,"column":0},"end":{"line":20,"column":73}},"14":{"start":{"line":20,"column":46},"end":{"line":20,"column":71}},"15":{"start":{"line":21,"column":32},"end":{"line":21,"column":34}},"16":{"start":{"line":23,"column":0},"end":{"line":23,"column":103}},"17":{"start":{"line":23,"column":60},"end":{"line":23,"column":101}},"18":{"start":{"line":24,"column":0},"end":{"line":24,"column":103}},"19":{"start":{"line":24,"column":60},"end":{"line":24,"column":101}},"20":{"start":{"line":25,"column":0},"end":{"line":25,"column":101}},"21":{"start":{"line":25,"column":58},"end":{"line":25,"column":99}},"22":{"start":{"line":26,"column":0},"end":{"line":26,"column":106}},"23":{"start":{"line":26,"column":63},"end":{"line":26,"column":104}},"24":{"start":{"line":28,"column":0},"end":{"line":36,"column":98}},"25":{"start":{"line":29,"column":4},"end":{"line":29,"column":35}},"26":{"start":{"line":30,"column":4},"end":{"line":30,"column":35}},"27":{"start":{"line":31,"column":4},"end":{"line":31,"column":31}},"28":{"start":{"line":32,"column":4},"end":{"line":32,"column":31}},"29":{"start":{"line":33,"column":4},"end":{"line":33,"column":35}},"30":{"start":{"line":34,"column":4},"end":{"line":34,"column":29}},"31":{"start":{"line":35,"column":4},"end":{"line":35,"column":41}},"32":{"start":{"line":38,"column":0},"end":{"line":46,"column":98}},"33":{"start":{"line":39,"column":4},"end":{"line":39,"column":33}},"34":{"start":{"line":40,"column":4},"end":{"line":40,"column":29}},"35":{"start":{"line":41,"column":4},"end":{"line":41,"column":35}},"36":{"start":{"line":42,"column":4},"end":{"line":42,"column":29}},"37":{"start":{"line":43,"column":4},"end":{"line":43,"column":35}},"38":{"start":{"line":44,"column":4},"end":{"line":44,"column":39}},"39":{"start":{"line":45,"column":4},"end":{"line":45,"column":29}},"40":{"start":{"line":47,"column":50},"end":{"line":47,"column":66}},"41":{"start":{"line":49,"column":0},"end":{"line":53,"column":98}},"42":{"start":{"line":50,"column":4},"end":{"line":50,"column":38}},"43":{"start":{"line":51,"column":4},"end":{"line":51,"column":34}},"44":{"start":{"line":52,"column":4},"end":{"line":52,"column":36}},"45":{"start":{"line":58,"column":4},"end":{"line":58,"column":42}},"46":{"start":{"line":58,"column":20},"end":{"line":58,"column":41}},"47":{"start":{"line":61,"column":4},"end":{"line":64,"column":21}},"48":{"start":{"line":67,"column":4},"end":{"line":71,"column":21}},"49":{"start":{"line":73,"column":50},"end":{"line":73,"column":101}},"50":{"start":{"line":75,"column":4},"end":{"line":75,"column":59}},"51":{"start":{"line":77,"column":50},"end":{"line":77,"column":76}},"52":{"start":{"line":77,"column":55},"end":{"line":77,"column":76}},"53":{"start":{"line":79,"column":4},"end":{"line":79,"column":151}},"54":{"start":{"line":81,"column":50},"end":{"line":81,"column":103}},"55":{"start":{"line":82,"column":50},"end":{"line":82,"column":72}},"56":{"start":{"line":82,"column":55},"end":{"line":82,"column":72}},"57":{"start":{"line":83,"column":50},"end":{"line":83,"column":71}},"58":{"start":{"line":83,"column":55},"end":{"line":83,"column":71}},"59":{"start":{"line":84,"column":50},"end":{"line":84,"column":101}},"60":{"start":{"line":86,"column":4},"end":{"line":86,"column":72}},"61":{"start":{"line":86,"column":59},"end":{"line":86,"column":72}},"62":{"start":{"line":87,"column":4},"end":{"line":87,"column":38}},"63":{"start":{"line":89,"column":50},"end":{"line":96,"column":1}},"64":{"start":{"line":90,"column":4},"end":{"line":90,"column":54}},"65":{"start":{"line":90,"column":33},"end":{"line":90,"column":54}},"66":{"start":{"line":91,"column":4},"end":{"line":94,"column":6}},"67":{"start":{"line":91,"column":58},"end":{"line":91,"column":69}},"68":{"start":{"line":92,"column":9},"end":{"line":94,"column":6}},"69":{"start":{"line":92,"column":64},"end":{"line":94,"column":6}},"70":{"start":{"line":95,"column":4},"end":{"line":95,"column":37}},"71":{"start":{"line":98,"column":4},"end":{"line":98,"column":60}},"72":{"start":{"line":98,"column":31},"end":{"line":98,"column":60}},"73":{"start":{"line":99,"column":4},"end":{"line":99,"column":17}},"74":{"start":{"line":101,"column":49},"end":{"line":101,"column":103}},"75":{"start":{"line":102,"column":50},"end":{"line":158,"column":1}},"76":{"start":{"line":155,"column":18},"end":{"line":155,"column":22}},"77":{"start":{"line":160,"column":4},"end":{"line":164,"column":5}},"78":{"start":{"line":160,"column":16},"end":{"line":160,"column":17}},"79":{"start":{"line":161,"column":20},"end":{"line":161,"column":64}},"80":{"start":{"line":162,"column":8},"end":{"line":162,"column":34}},"81":{"start":{"line":162,"column":25},"end":{"line":162,"column":34}},"82":{"start":{"line":163,"column":8},"end":{"line":163,"column":45}},"83":{"start":{"line":163,"column":29},"end":{"line":163,"column":45}},"84":{"start":{"line":165,"column":4},"end":{"line":165,"column":65}},"85":{"start":{"line":168,"column":4},"end":{"line":174,"column":21}},"86":{"start":{"line":177,"column":4},"end":{"line":185,"column":5}},"87":{"start":{"line":177,"column":16},"end":{"line":177,"column":17}},"88":{"start":{"line":178,"column":20},"end":{"line":178,"column":64}},"89":{"start":{"line":179,"column":8},"end":{"line":179,"column":33}},"90":{"start":{"line":179,"column":24},"end":{"line":179,"column":33}},"91":{"start":{"line":180,"column":8},"end":{"line":184,"column":9}},"92":{"start":{"line":181,"column":12},"end":{"line":181,"column":49}},"93":{"start":{"line":181,"column":33},"end":{"line":181,"column":49}},"94":{"start":{"line":183,"column":12},"end":{"line":183,"column":50}},"95":{"start":{"line":186,"column":4},"end":{"line":186,"column":60}},"96":{"start":{"line":189,"column":4},"end":{"line":189,"column":93}},"97":{"start":{"line":189,"column":34},"end":{"line":189,"column":93}},"98":{"start":{"line":190,"column":4},"end":{"line":194,"column":5}},"99":{"start":{"line":191,"column":8},"end":{"line":191,"column":27}},"100":{"start":{"line":193,"column":8},"end":{"line":193,"column":19}},"101":{"start":{"line":213,"column":51},"end":{"line":213,"column":102}},"102":{"start":{"line":215,"column":4},"end":{"line":215,"column":126}},"103":{"start":{"line":215,"column":62},"end":{"line":215,"column":126}},"104":{"start":{"line":216,"column":14},"end":{"line":216,"column":22}},"105":{"start":{"line":217,"column":4},"end":{"line":242,"column":5}},"106":{"start":{"line":219,"column":12},"end":{"line":219,"column":20}},"107":{"start":{"line":220,"column":12},"end":{"line":220,"column":18}},"108":{"start":{"line":222,"column":12},"end":{"line":222,"column":21}},"109":{"start":{"line":223,"column":12},"end":{"line":223,"column":18}},"110":{"start":{"line":225,"column":12},"end":{"line":225,"column":28}},"111":{"start":{"line":226,"column":12},"end":{"line":226,"column":18}},"112":{"start":{"line":228,"column":12},"end":{"line":228,"column":21}},"113":{"start":{"line":229,"column":12},"end":{"line":229,"column":18}},"114":{"start":{"line":231,"column":12},"end":{"line":231,"column":21}},"115":{"start":{"line":232,"column":12},"end":{"line":232,"column":18}},"116":{"start":{"line":234,"column":12},"end":{"line":234,"column":29}},"117":{"start":{"line":235,"column":12},"end":{"line":235,"column":18}},"118":{"start":{"line":237,"column":12},"end":{"line":237,"column":28}},"119":{"start":{"line":238,"column":12},"end":{"line":238,"column":18}},"120":{"start":{"line":240,"column":12},"end":{"line":240,"column":27}},"121":{"start":{"line":241,"column":12},"end":{"line":241,"column":18}},"122":{"start":{"line":243,"column":4},"end":{"line":243,"column":15}},"123":{"start":{"line":246,"column":4},"end":{"line":246,"column":123}},"124":{"start":{"line":246,"column":62},"end":{"line":246,"column":123}},"125":{"start":{"line":247,"column":14},"end":{"line":247,"column":19}},"126":{"start":{"line":248,"column":4},"end":{"line":271,"column":5}},"127":{"start":{"line":250,"column":12},"end":{"line":250,"column":33}},"128":{"start":{"line":251,"column":12},"end":{"line":253,"column":15}},"129":{"start":{"line":252,"column":16},"end":{"line":252,"column":39}},"130":{"start":{"line":254,"column":12},"end":{"line":254,"column":18}},"131":{"start":{"line":256,"column":12},"end":{"line":258,"column":14}},"132":{"start":{"line":259,"column":12},"end":{"line":261,"column":15}},"133":{"start":{"line":260,"column":16},"end":{"line":260,"column":39}},"134":{"start":{"line":262,"column":12},"end":{"line":262,"column":18}},"135":{"start":{"line":264,"column":12},"end":{"line":266,"column":14}},"136":{"start":{"line":267,"column":12},"end":{"line":269,"column":15}},"137":{"start":{"line":268,"column":16},"end":{"line":268,"column":34}},"138":{"start":{"line":270,"column":12},"end":{"line":270,"column":18}},"139":{"start":{"line":272,"column":4},"end":{"line":272,"column":15}},"140":{"start":{"line":281,"column":8},"end":{"line":281,"column":20}},"141":{"start":{"line":284,"column":8},"end":{"line":284,"column":20}},"142":{"start":{"line":287,"column":8},"end":{"line":287,"column":133}},"143":{"start":{"line":290,"column":8},"end":{"line":290,"column":28}},"144":{"start":{"line":293,"column":8},"end":{"line":293,"column":20}},"145":{"start":{"line":296,"column":8},"end":{"line":296,"column":20}},"146":{"start":{"line":299,"column":8},"end":{"line":299,"column":20}},"147":{"start":{"line":302,"column":8},"end":{"line":302,"column":20}},"148":{"start":{"line":305,"column":8},"end":{"line":305,"column":20}},"149":{"start":{"line":308,"column":8},"end":{"line":308,"column":21}},"150":{"start":{"line":311,"column":8},"end":{"line":311,"column":21}},"151":{"start":{"line":314,"column":8},"end":{"line":314,"column":25}},"152":{"start":{"line":317,"column":8},"end":{"line":317,"column":20}},"153":{"start":{"line":320,"column":8},"end":{"line":320,"column":20}},"154":{"start":{"line":323,"column":8},"end":{"line":323,"column":20}},"155":{"start":{"line":326,"column":8},"end":{"line":326,"column":20}},"156":{"start":{"line":329,"column":8},"end":{"line":329,"column":20}},"157":{"start":{"line":332,"column":8},"end":{"line":332,"column":30}},"158":{"start":{"line":333,"column":8},"end":{"line":333,"column":20}},"159":{"start":{"line":337,"column":8},"end":{"line":337,"column":44}},"160":{"start":{"line":340,"column":8},"end":{"line":340,"column":45}},"161":{"start":{"line":343,"column":8},"end":{"line":343,"column":45}},"162":{"start":{"line":346,"column":8},"end":{"line":346,"column":114}},"163":{"start":{"line":346,"column":105},"end":{"line":346,"column":112}},"164":{"start":{"line":347,"column":8},"end":{"line":347,"column":113}},"165":{"start":{"line":347,"column":104},"end":{"line":347,"column":111}},"166":{"start":{"line":348,"column":8},"end":{"line":348,"column":100}},"167":{"start":{"line":349,"column":8},"end":{"line":349,"column":147}},"168":{"start":{"line":350,"column":8},"end":{"line":350,"column":97}},"169":{"start":{"line":351,"column":8},"end":{"line":351,"column":96}},"170":{"start":{"line":352,"column":8},"end":{"line":352,"column":95}},"171":{"start":{"line":353,"column":8},"end":{"line":353,"column":147}},"172":{"start":{"line":354,"column":8},"end":{"line":354,"column":27}},"173":{"start":{"line":355,"column":8},"end":{"line":355,"column":163}},"174":{"start":{"line":355,"column":80},"end":{"line":355,"column":163}},"175":{"start":{"line":356,"column":8},"end":{"line":356,"column":166}},"176":{"start":{"line":356,"column":81},"end":{"line":356,"column":166}},"177":{"start":{"line":357,"column":8},"end":{"line":357,"column":89}},"178":{"start":{"line":362,"column":47},"end":{"line":362,"column":62}},"179":{"start":{"line":362,"column":55},"end":{"line":362,"column":62}},"180":{"start":{"line":365,"column":8},"end":{"line":380,"column":9}},"181":{"start":{"line":365,"column":44},"end":{"line":380,"column":9}},"182":{"start":{"line":366,"column":27},"end":{"line":366,"column":85}},"183":{"start":{"line":367,"column":26},"end":{"line":367,"column":42}},"184":{"start":{"line":368,"column":12},"end":{"line":368,"column":56}},"185":{"start":{"line":368,"column":39},"end":{"line":368,"column":56}},"186":{"start":{"line":369,"column":12},"end":{"line":372,"column":15}},"187":{"start":{"line":369,"column":38},"end":{"line":372,"column":15}},"188":{"start":{"line":373,"column":12},"end":{"line":373,"column":40}},"189":{"start":{"line":375,"column":12},"end":{"line":379,"column":15}},"190":{"start":{"line":381,"column":24},"end":{"line":381,"column":80}},"191":{"start":{"line":382,"column":8},"end":{"line":386,"column":11}},"192":{"start":{"line":382,"column":35},"end":{"line":386,"column":11}},"193":{"start":{"line":387,"column":8},"end":{"line":387,"column":47}},"194":{"start":{"line":390,"column":8},"end":{"line":395,"column":9}},"195":{"start":{"line":391,"column":12},"end":{"line":391,"column":95}},"196":{"start":{"line":391,"column":56},"end":{"line":391,"column":95}},"197":{"start":{"line":393,"column":12},"end":{"line":393,"column":56}},"198":{"start":{"line":394,"column":12},"end":{"line":394,"column":24}},"199":{"start":{"line":396,"column":8},"end":{"line":396,"column":31}},"200":{"start":{"line":397,"column":8},"end":{"line":397,"column":20}},"201":{"start":{"line":400,"column":8},"end":{"line":400,"column":63}},"202":{"start":{"line":400,"column":32},"end":{"line":400,"column":50}},"203":{"start":{"line":403,"column":8},"end":{"line":403,"column":27}},"204":{"start":{"line":407,"column":27},"end":{"line":409,"column":9}},"205":{"start":{"line":410,"column":8},"end":{"line":410,"column":45}},"206":{"start":{"line":410,"column":27},"end":{"line":410,"column":45}},"207":{"start":{"line":411,"column":8},"end":{"line":411,"column":97}},"208":{"start":{"line":411,"column":55},"end":{"line":411,"column":97}},"209":{"start":{"line":412,"column":8},"end":{"line":412,"column":26}},"210":{"start":{"line":415,"column":8},"end":{"line":419,"column":10}},"211":{"start":{"line":422,"column":8},"end":{"line":422,"column":72}},"212":{"start":{"line":425,"column":8},"end":{"line":428,"column":11}},"213":{"start":{"line":425,"column":68},"end":{"line":428,"column":11}},"214":{"start":{"line":429,"column":8},"end":{"line":429,"column":31}},"215":{"start":{"line":432,"column":8},"end":{"line":432,"column":73}},"216":{"start":{"line":435,"column":8},"end":{"line":438,"column":11}},"217":{"start":{"line":435,"column":68},"end":{"line":438,"column":11}},"218":{"start":{"line":439,"column":8},"end":{"line":439,"column":32}},"219":{"start":{"line":442,"column":8},"end":{"line":442,"column":75}},"220":{"start":{"line":445,"column":8},"end":{"line":445,"column":75}},"221":{"start":{"line":448,"column":8},"end":{"line":448,"column":124}},"222":{"start":{"line":451,"column":18},"end":{"line":451,"column":22}},"223":{"start":{"line":452,"column":63},"end":{"line":452,"column":67}},"224":{"start":{"line":453,"column":8},"end":{"line":461,"column":9}},"225":{"start":{"line":454,"column":12},"end":{"line":454,"column":61}},"226":{"start":{"line":454,"column":31},"end":{"line":454,"column":61}},"227":{"start":{"line":455,"column":12},"end":{"line":455,"column":64}},"228":{"start":{"line":455,"column":32},"end":{"line":455,"column":64}},"229":{"start":{"line":456,"column":12},"end":{"line":456,"column":27}},"230":{"start":{"line":458,"column":12},"end":{"line":458,"column":37}},"231":{"start":{"line":459,"column":12},"end":{"line":459,"column":39}},"232":{"start":{"line":460,"column":12},"end":{"line":460,"column":22}},"233":{"start":{"line":462,"column":8},"end":{"line":462,"column":19}},"234":{"start":{"line":465,"column":8},"end":{"line":465,"column":100}},"235":{"start":{"line":466,"column":8},"end":{"line":466,"column":137}},"236":{"start":{"line":467,"column":8},"end":{"line":467,"column":138}},"237":{"start":{"line":469,"column":8},"end":{"line":469,"column":207}},"238":{"start":{"line":469,"column":80},"end":{"line":469,"column":207}},"239":{"start":{"line":470,"column":8},"end":{"line":470,"column":210}},"240":{"start":{"line":470,"column":81},"end":{"line":470,"column":210}},"241":{"start":{"line":471,"column":8},"end":{"line":471,"column":89}},"242":{"start":{"line":475,"column":0},"end":{"line":477,"column":3}},"243":{"start":{"line":476,"column":4},"end":{"line":476,"column":78}},"244":{"start":{"line":482,"column":0},"end":{"line":486,"column":98}},"245":{"start":{"line":483,"column":4},"end":{"line":483,"column":60}},"246":{"start":{"line":484,"column":4},"end":{"line":484,"column":52}},"247":{"start":{"line":485,"column":4},"end":{"line":485,"column":52}},"248":{"start":{"line":489,"column":8},"end":{"line":489,"column":81}},"249":{"start":{"line":492,"column":8},"end":{"line":492,"column":77}},"250":{"start":{"line":495,"column":8},"end":{"line":495,"column":81}},"251":{"start":{"line":498,"column":8},"end":{"line":498,"column":77}},"252":{"start":{"line":502,"column":8},"end":{"line":502,"column":68}},"253":{"start":{"line":506,"column":8},"end":{"line":506,"column":68}},"254":{"start":{"line":509,"column":8},"end":{"line":509,"column":21}},"255":{"start":{"line":512,"column":8},"end":{"line":512,"column":145}},"256":{"start":{"line":519,"column":8},"end":{"line":522,"column":9}},"257":{"start":{"line":520,"column":12},"end":{"line":520,"column":94}},"258":{"start":{"line":520,"column":23},"end":{"line":520,"column":94}},"259":{"start":{"line":521,"column":12},"end":{"line":521,"column":30}},"260":{"start":{"line":523,"column":8},"end":{"line":530,"column":9}},"261":{"start":{"line":524,"column":12},"end":{"line":524,"column":171}},"262":{"start":{"line":524,"column":23},"end":{"line":524,"column":171}},"263":{"start":{"line":525,"column":12},"end":{"line":529,"column":15}},"264":{"start":{"line":526,"column":28},"end":{"line":526,"column":155}},"265":{"start":{"line":527,"column":16},"end":{"line":527,"column":119}},"266":{"start":{"line":527,"column":27},"end":{"line":527,"column":119}},"267":{"start":{"line":528,"column":16},"end":{"line":528,"column":27}},"268":{"start":{"line":531,"column":8},"end":{"line":531,"column":41}},"269":{"start":{"line":534,"column":8},"end":{"line":534,"column":103}},"270":{"start":{"line":534,"column":84},"end":{"line":534,"column":103}},"271":{"start":{"line":535,"column":8},"end":{"line":537,"column":11}},"272":{"start":{"line":535,"column":39},"end":{"line":537,"column":11}},"273":{"start":{"line":536,"column":12},"end":{"line":536,"column":153}},"274":{"start":{"line":538,"column":8},"end":{"line":538,"column":43}},"275":{"start":{"line":545,"column":8},"end":{"line":545,"column":31}},"276":{"start":{"line":548,"column":8},"end":{"line":548,"column":33}},"277":{"start":{"line":551,"column":8},"end":{"line":551,"column":35}},"278":{"start":{"line":554,"column":8},"end":{"line":554,"column":136}},"279":{"start":{"line":554,"column":56},"end":{"line":554,"column":134}},"280":{"start":{"line":557,"column":8},"end":{"line":557,"column":45}},"281":{"start":{"line":557,"column":33},"end":{"line":557,"column":45}},"282":{"start":{"line":558,"column":21},"end":{"line":558,"column":35}},"283":{"start":{"line":559,"column":8},"end":{"line":561,"column":9}},"284":{"start":{"line":560,"column":12},"end":{"line":560,"column":105}},"285":{"start":{"line":560,"column":93},"end":{"line":560,"column":105}},"286":{"start":{"line":562,"column":8},"end":{"line":562,"column":21}},"287":{"start":{"line":565,"column":8},"end":{"line":568,"column":9}},"288":{"start":{"line":565,"column":41},"end":{"line":568,"column":9}},"289":{"start":{"line":566,"column":12},"end":{"line":566,"column":43}},"290":{"start":{"line":567,"column":12},"end":{"line":567,"column":24}},"291":{"start":{"line":569,"column":8},"end":{"line":569,"column":34}},"292":{"start":{"line":570,"column":8},"end":{"line":570,"column":20}},"293":{"start":{"line":573,"column":8},"end":{"line":579,"column":22}},"294":{"start":{"line":574,"column":12},"end":{"line":577,"column":13}},"295":{"start":{"line":575,"column":16},"end":{"line":575,"column":32}},"296":{"start":{"line":576,"column":16},"end":{"line":576,"column":28}},"297":{"start":{"line":578,"column":12},"end":{"line":578,"column":25}},"298":{"start":{"line":582,"column":22},"end":{"line":582,"column":46}},"299":{"start":{"line":583,"column":8},"end":{"line":583,"column":43}},"300":{"start":{"line":583,"column":26},"end":{"line":583,"column":43}},"301":{"start":{"line":584,"column":8},"end":{"line":584,"column":21}},"302":{"start":{"line":587,"column":8},"end":{"line":587,"column":34}},"303":{"start":{"line":588,"column":8},"end":{"line":588,"column":20}},"304":{"start":{"line":591,"column":8},"end":{"line":591,"column":113}},"305":{"start":{"line":591,"column":36},"end":{"line":591,"column":111}},"306":{"start":{"line":594,"column":8},"end":{"line":594,"column":27}},"307":{"start":{"line":595,"column":8},"end":{"line":595,"column":20}},"308":{"start":{"line":598,"column":22},"end":{"line":600,"column":18}},"309":{"start":{"line":601,"column":24},"end":{"line":601,"column":75}},"310":{"start":{"line":602,"column":21},"end":{"line":602,"column":37}},"311":{"start":{"line":603,"column":8},"end":{"line":608,"column":9}},"312":{"start":{"line":604,"column":24},"end":{"line":604,"column":60}},"313":{"start":{"line":605,"column":12},"end":{"line":605,"column":41}},"314":{"start":{"line":605,"column":35},"end":{"line":605,"column":41}},"315":{"start":{"line":606,"column":12},"end":{"line":606,"column":42}},"316":{"start":{"line":606,"column":21},"end":{"line":606,"column":42}},"317":{"start":{"line":607,"column":12},"end":{"line":607,"column":38}},"318":{"start":{"line":607,"column":32},"end":{"line":607,"column":38}},"319":{"start":{"line":609,"column":8},"end":{"line":609,"column":49}},"320":{"start":{"line":610,"column":8},"end":{"line":610,"column":20}},"321":{"start":{"line":613,"column":24},"end":{"line":613,"column":75}},"322":{"start":{"line":614,"column":21},"end":{"line":614,"column":37}},"323":{"start":{"line":615,"column":8},"end":{"line":618,"column":9}},"324":{"start":{"line":616,"column":12},"end":{"line":616,"column":49}},"325":{"start":{"line":617,"column":12},"end":{"line":617,"column":42}},"326":{"start":{"line":617,"column":36},"end":{"line":617,"column":42}},"327":{"start":{"line":619,"column":8},"end":{"line":619,"column":20}},"328":{"start":{"line":622,"column":24},"end":{"line":622,"column":75}},"329":{"start":{"line":623,"column":21},"end":{"line":623,"column":37}},"330":{"start":{"line":624,"column":34},"end":{"line":626,"column":18}},"331":{"start":{"line":627,"column":8},"end":{"line":632,"column":9}},"332":{"start":{"line":628,"column":28},"end":{"line":628,"column":67}},"333":{"start":{"line":629,"column":12},"end":{"line":629,"column":42}},"334":{"start":{"line":629,"column":36},"end":{"line":629,"column":42}},"335":{"start":{"line":630,"column":12},"end":{"line":630,"column":48}},"336":{"start":{"line":631,"column":12},"end":{"line":631,"column":42}},"337":{"start":{"line":631,"column":36},"end":{"line":631,"column":42}},"338":{"start":{"line":633,"column":8},"end":{"line":633,"column":58}},"339":{"start":{"line":634,"column":8},"end":{"line":634,"column":20}},"340":{"start":{"line":637,"column":24},"end":{"line":637,"column":75}},"341":{"start":{"line":638,"column":18},"end":{"line":638,"column":25}},"342":{"start":{"line":639,"column":21},"end":{"line":639,"column":37}},"343":{"start":{"line":640,"column":8},"end":{"line":645,"column":9}},"344":{"start":{"line":641,"column":25},"end":{"line":641,"column":68}},"345":{"start":{"line":642,"column":12},"end":{"line":642,"column":46}},"346":{"start":{"line":642,"column":35},"end":{"line":642,"column":46}},"347":{"start":{"line":643,"column":12},"end":{"line":643,"column":23}},"348":{"start":{"line":644,"column":12},"end":{"line":644,"column":48}},"349":{"start":{"line":644,"column":36},"end":{"line":644,"column":48}},"350":{"start":{"line":646,"column":8},"end":{"line":646,"column":19}},"351":{"start":{"line":649,"column":22},"end":{"line":649,"column":48}},"352":{"start":{"line":650,"column":8},"end":{"line":650,"column":75}},"353":{"start":{"line":660,"column":46},"end":{"line":665,"column":1}},"354":{"start":{"line":667,"column":4},"end":{"line":667,"column":74}},"355":{"start":{"line":667,"column":16},"end":{"line":667,"column":74}},"356":{"start":{"line":668,"column":4},"end":{"line":668,"column":74}},"357":{"start":{"line":668,"column":16},"end":{"line":668,"column":74}},"358":{"start":{"line":669,"column":4},"end":{"line":672,"column":198}},"359":{"start":{"line":670,"column":8},"end":{"line":670,"column":253}},"360":{"start":{"line":670,"column":75},"end":{"line":670,"column":253}},"361":{"start":{"line":671,"column":8},"end":{"line":671,"column":128}},"362":{"start":{"line":672,"column":11},"end":{"line":672,"column":198}},"363":{"start":{"line":672,"column":78},"end":{"line":672,"column":198}},"364":{"start":{"line":674,"column":4},"end":{"line":679,"column":5}},"365":{"start":{"line":675,"column":8},"end":{"line":678,"column":9}},"366":{"start":{"line":676,"column":25},"end":{"line":676,"column":132}},"367":{"start":{"line":677,"column":12},"end":{"line":677,"column":41}},"368":{"start":{"line":681,"column":4},"end":{"line":681,"column":173}},"369":{"start":{"line":681,"column":140},"end":{"line":681,"column":173}},"370":{"start":{"line":684,"column":4},"end":{"line":690,"column":89}},"371":{"start":{"line":685,"column":8},"end":{"line":688,"column":9}},"372":{"start":{"line":686,"column":12},"end":{"line":686,"column":32}},"373":{"start":{"line":686,"column":23},"end":{"line":686,"column":32}},"374":{"start":{"line":687,"column":12},"end":{"line":687,"column":22}},"375":{"start":{"line":689,"column":8},"end":{"line":689,"column":18}},"376":{"start":{"line":690,"column":11},"end":{"line":690,"column":89}},"377":{"start":{"line":690,"column":80},"end":{"line":690,"column":89}},"378":{"start":{"line":691,"column":4},"end":{"line":694,"column":233}},"379":{"start":{"line":692,"column":8},"end":{"line":692,"column":332}},"380":{"start":{"line":692,"column":66},"end":{"line":692,"column":332}},"381":{"start":{"line":693,"column":8},"end":{"line":693,"column":17}},"382":{"start":{"line":694,"column":11},"end":{"line":694,"column":233}},"383":{"start":{"line":694,"column":69},"end":{"line":694,"column":233}},"384":{"start":{"line":695,"column":4},"end":{"line":695,"column":24}},"385":{"start":{"line":695,"column":15},"end":{"line":695,"column":24}},"386":{"start":{"line":696,"column":4},"end":{"line":696,"column":14}},"387":{"start":{"line":699,"column":4},"end":{"line":699,"column":26}},"388":{"start":{"line":699,"column":17},"end":{"line":699,"column":26}},"389":{"start":{"line":700,"column":4},"end":{"line":702,"column":75}},"390":{"start":{"line":701,"column":8},"end":{"line":701,"column":72}},"391":{"start":{"line":701,"column":63},"end":{"line":701,"column":72}},"392":{"start":{"line":702,"column":11},"end":{"line":702,"column":75}},"393":{"start":{"line":702,"column":66},"end":{"line":702,"column":75}},"394":{"start":{"line":703,"column":4},"end":{"line":703,"column":52}},"395":{"start":{"line":709,"column":8},"end":{"line":709,"column":62}},"396":{"start":{"line":709,"column":34},"end":{"line":709,"column":62}},"397":{"start":{"line":710,"column":8},"end":{"line":710,"column":30}},"398":{"start":{"line":713,"column":8},"end":{"line":713,"column":45}},"399":{"start":{"line":716,"column":8},"end":{"line":716,"column":47}},"400":{"start":{"line":719,"column":8},"end":{"line":719,"column":152}},"401":{"start":{"line":722,"column":20},"end":{"line":722,"column":29}},"402":{"start":{"line":723,"column":8},"end":{"line":729,"column":16}},"403":{"start":{"line":724,"column":12},"end":{"line":727,"column":13}},"404":{"start":{"line":725,"column":16},"end":{"line":725,"column":29}},"405":{"start":{"line":726,"column":16},"end":{"line":726,"column":28}},"406":{"start":{"line":728,"column":12},"end":{"line":728,"column":28}},"407":{"start":{"line":732,"column":20},"end":{"line":732,"column":29}},"408":{"start":{"line":733,"column":27},"end":{"line":733,"column":74}},"409":{"start":{"line":734,"column":8},"end":{"line":737,"column":9}},"410":{"start":{"line":734,"column":20},"end":{"line":734,"column":21}},"411":{"start":{"line":735,"column":24},"end":{"line":735,"column":37}},"412":{"start":{"line":736,"column":12},"end":{"line":736,"column":46}},"413":{"start":{"line":738,"column":8},"end":{"line":738,"column":41}},"414":{"start":{"line":739,"column":8},"end":{"line":739,"column":20}},"415":{"start":{"line":742,"column":8},"end":{"line":748,"column":18}},"416":{"start":{"line":743,"column":12},"end":{"line":746,"column":13}},"417":{"start":{"line":744,"column":16},"end":{"line":744,"column":29}},"418":{"start":{"line":745,"column":16},"end":{"line":745,"column":28}},"419":{"start":{"line":747,"column":12},"end":{"line":747,"column":27}},"420":{"start":{"line":751,"column":20},"end":{"line":751,"column":39}},"421":{"start":{"line":752,"column":8},"end":{"line":752,"column":143}},"422":{"start":{"line":752,"column":41},"end":{"line":752,"column":143}},"423":{"start":{"line":752,"column":122},"end":{"line":752,"column":143}},"424":{"start":{"line":753,"column":8},"end":{"line":753,"column":40}},"425":{"start":{"line":754,"column":8},"end":{"line":754,"column":20}},"426":{"start":{"line":758,"column":8},"end":{"line":758,"column":34}},"427":{"start":{"line":761,"column":8},"end":{"line":761,"column":36}},"428":{"start":{"line":764,"column":8},"end":{"line":764,"column":37}},"429":{"start":{"line":767,"column":8},"end":{"line":767,"column":30}},"430":{"start":{"line":768,"column":8},"end":{"line":768,"column":51}},"431":{"start":{"line":769,"column":8},"end":{"line":769,"column":28}},"432":{"start":{"line":777,"column":8},"end":{"line":777,"column":17}},"433":{"start":{"line":780,"column":8},"end":{"line":780,"column":24}},"434":{"start":{"line":781,"column":8},"end":{"line":781,"column":17}},"435":{"start":{"line":784,"column":8},"end":{"line":784,"column":24}},"436":{"start":{"line":785,"column":8},"end":{"line":785,"column":20}},"437":{"start":{"line":788,"column":8},"end":{"line":788,"column":27}},"438":{"start":{"line":789,"column":8},"end":{"line":789,"column":20}},"439":{"start":{"line":792,"column":8},"end":{"line":792,"column":28}},"440":{"start":{"line":793,"column":8},"end":{"line":793,"column":20}},"441":{"start":{"line":796,"column":8},"end":{"line":796,"column":26}},"442":{"start":{"line":797,"column":8},"end":{"line":797,"column":25}},"443":{"start":{"line":800,"column":8},"end":{"line":800,"column":73}},"444":{"start":{"line":803,"column":8},"end":{"line":803,"column":25}},"445":{"start":{"line":804,"column":8},"end":{"line":804,"column":18}},"446":{"start":{"line":807,"column":8},"end":{"line":807,"column":26}},"447":{"start":{"line":808,"column":8},"end":{"line":808,"column":18}},"448":{"start":{"line":811,"column":8},"end":{"line":811,"column":27}},"449":{"start":{"line":814,"column":8},"end":{"line":814,"column":40}},"450":{"start":{"line":817,"column":8},"end":{"line":817,"column":28}},"451":{"start":{"line":820,"column":8},"end":{"line":820,"column":24}},"452":{"start":{"line":821,"column":8},"end":{"line":821,"column":18}},"453":{"start":{"line":824,"column":8},"end":{"line":824,"column":27}},"454":{"start":{"line":825,"column":8},"end":{"line":825,"column":20}},"455":{"start":{"line":828,"column":8},"end":{"line":828,"column":30}},"456":{"start":{"line":829,"column":8},"end":{"line":829,"column":28}},"457":{"start":{"line":839,"column":20},"end":{"line":839,"column":22}},"458":{"start":{"line":840,"column":8},"end":{"line":840,"column":54}},"459":{"start":{"line":840,"column":20},"end":{"line":840,"column":21}},"460":{"start":{"line":840,"column":42},"end":{"line":840,"column":54}},"461":{"start":{"line":841,"column":8},"end":{"line":841,"column":19}},"462":{"start":{"line":844,"column":24},"end":{"line":844,"column":75}},"463":{"start":{"line":845,"column":30},"end":{"line":845,"column":40}},"464":{"start":{"line":846,"column":22},"end":{"line":846,"column":32}},"465":{"start":{"line":847,"column":8},"end":{"line":850,"column":9}},"466":{"start":{"line":847,"column":20},"end":{"line":847,"column":21}},"467":{"start":{"line":848,"column":12},"end":{"line":848,"column":56}},"468":{"start":{"line":849,"column":12},"end":{"line":849,"column":41}},"469":{"start":{"line":849,"column":35},"end":{"line":849,"column":41}},"470":{"start":{"line":851,"column":8},"end":{"line":851,"column":20}},"471":{"start":{"line":854,"column":24},"end":{"line":854,"column":75}},"472":{"start":{"line":855,"column":25},"end":{"line":855,"column":27}},"473":{"start":{"line":856,"column":21},"end":{"line":856,"column":37}},"474":{"start":{"line":857,"column":8},"end":{"line":862,"column":9}},"475":{"start":{"line":858,"column":25},"end":{"line":858,"column":67}},"476":{"start":{"line":859,"column":12},"end":{"line":859,"column":41}},"477":{"start":{"line":859,"column":35},"end":{"line":859,"column":41}},"478":{"start":{"line":860,"column":12},"end":{"line":860,"column":33}},"479":{"start":{"line":861,"column":12},"end":{"line":861,"column":42}},"480":{"start":{"line":861,"column":36},"end":{"line":861,"column":42}},"481":{"start":{"line":863,"column":8},"end":{"line":863,"column":45}},"482":{"start":{"line":864,"column":8},"end":{"line":864,"column":20}},"483":{"start":{"line":867,"column":24},"end":{"line":867,"column":75}},"484":{"start":{"line":868,"column":21},"end":{"line":868,"column":37}},"485":{"start":{"line":869,"column":18},"end":{"line":869,"column":25}},"486":{"start":{"line":870,"column":8},"end":{"line":875,"column":9}},"487":{"start":{"line":871,"column":25},"end":{"line":871,"column":72}},"488":{"start":{"line":872,"column":12},"end":{"line":872,"column":41}},"489":{"start":{"line":872,"column":35},"end":{"line":872,"column":41}},"490":{"start":{"line":873,"column":12},"end":{"line":873,"column":23}},"491":{"start":{"line":874,"column":12},"end":{"line":874,"column":42}},"492":{"start":{"line":874,"column":36},"end":{"line":874,"column":42}},"493":{"start":{"line":876,"column":8},"end":{"line":876,"column":19}},"494":{"start":{"line":879,"column":20},"end":{"line":879,"column":46}},"495":{"start":{"line":880,"column":8},"end":{"line":880,"column":73}},"496":{"start":{"line":884,"column":8},"end":{"line":884,"column":37}},"497":{"start":{"line":887,"column":8},"end":{"line":887,"column":34}},"498":{"start":{"line":890,"column":8},"end":{"line":890,"column":36}},"499":{"start":{"line":901,"column":8},"end":{"line":901,"column":33}},"500":{"start":{"line":904,"column":8},"end":{"line":904,"column":36}},"501":{"start":{"line":907,"column":8},"end":{"line":907,"column":63}},"502":{"start":{"line":907,"column":35},"end":{"line":907,"column":63}},"503":{"start":{"line":908,"column":8},"end":{"line":908,"column":40}},"504":{"start":{"line":911,"column":8},"end":{"line":911,"column":32}},"505":{"start":{"line":911,"column":19},"end":{"line":911,"column":32}},"506":{"start":{"line":912,"column":8},"end":{"line":912,"column":39}},"507":{"start":{"line":915,"column":24},"end":{"line":915,"column":48}},"508":{"start":{"line":916,"column":8},"end":{"line":916,"column":45}},"509":{"start":{"line":916,"column":28},"end":{"line":916,"column":45}},"510":{"start":{"line":917,"column":8},"end":{"line":917,"column":23}},"511":{"start":{"line":926,"column":23},"end":{"line":926,"column":57}},"512":{"start":{"line":927,"column":23},"end":{"line":927,"column":81}},"513":{"start":{"line":928,"column":8},"end":{"line":928,"column":62}},"514":{"start":{"line":929,"column":8},"end":{"line":929,"column":20}},"515":{"start":{"line":932,"column":8},"end":{"line":932,"column":57}},"516":{"start":{"line":932,"column":40},"end":{"line":932,"column":57}},"517":{"start":{"line":933,"column":8},"end":{"line":933,"column":50}},"518":{"start":{"line":936,"column":8},"end":{"line":938,"column":11}},"519":{"start":{"line":936,"column":32},"end":{"line":938,"column":11}},"520":{"start":{"line":937,"column":12},"end":{"line":937,"column":95}},"521":{"start":{"line":939,"column":8},"end":{"line":939,"column":33}},"522":{"start":{"line":942,"column":8},"end":{"line":948,"column":9}},"523":{"start":{"line":943,"column":27},"end":{"line":945,"column":14}},"524":{"start":{"line":946,"column":12},"end":{"line":946,"column":120}},"525":{"start":{"line":946,"column":39},"end":{"line":946,"column":118}},"526":{"start":{"line":947,"column":12},"end":{"line":947,"column":58}},"527":{"start":{"line":949,"column":23},"end":{"line":949,"column":33}},"528":{"start":{"line":950,"column":21},"end":{"line":950,"column":36}},"529":{"start":{"line":951,"column":8},"end":{"line":954,"column":54}},"530":{"start":{"line":952,"column":12},"end":{"line":952,"column":37}},"531":{"start":{"line":953,"column":12},"end":{"line":953,"column":50}},"532":{"start":{"line":955,"column":8},"end":{"line":955,"column":50}},"533":{"start":{"line":956,"column":8},"end":{"line":956,"column":20}},"534":{"start":{"line":959,"column":8},"end":{"line":959,"column":33}},"535":{"start":{"line":960,"column":8},"end":{"line":960,"column":20}},"536":{"start":{"line":963,"column":8},"end":{"line":963,"column":91}},"537":{"start":{"line":968,"column":24},"end":{"line":970,"column":11}},"538":{"start":{"line":971,"column":8},"end":{"line":971,"column":40}},"539":{"start":{"line":972,"column":8},"end":{"line":972,"column":58}},"540":{"start":{"line":973,"column":8},"end":{"line":973,"column":20}},"541":{"start":{"line":980,"column":8},"end":{"line":980,"column":100}},"542":{"start":{"line":983,"column":25},"end":{"line":987,"column":14}},"543":{"start":{"line":984,"column":24},"end":{"line":984,"column":62}},"544":{"start":{"line":985,"column":12},"end":{"line":985,"column":67}},"545":{"start":{"line":985,"column":41},"end":{"line":985,"column":67}},"546":{"start":{"line":986,"column":12},"end":{"line":986,"column":24}},"547":{"start":{"line":988,"column":8},"end":{"line":988,"column":46}},"548":{"start":{"line":989,"column":8},"end":{"line":989,"column":20}},"549":{"start":{"line":994,"column":8},"end":{"line":998,"column":9}},"550":{"start":{"line":995,"column":25},"end":{"line":995,"column":81}},"551":{"start":{"line":996,"column":12},"end":{"line":996,"column":43}},"552":{"start":{"line":997,"column":12},"end":{"line":997,"column":24}},"553":{"start":{"line":999,"column":8},"end":{"line":999,"column":52}},"554":{"start":{"line":1002,"column":8},"end":{"line":1002,"column":74}},"555":{"start":{"line":1002,"column":39},"end":{"line":1002,"column":74}},"556":{"start":{"line":1003,"column":8},"end":{"line":1013,"column":9}},"557":{"start":{"line":1004,"column":26},"end":{"line":1007,"column":13}},"558":{"start":{"line":1008,"column":27},"end":{"line":1011,"column":18}},"559":{"start":{"line":1009,"column":16},"end":{"line":1009,"column":53}},"560":{"start":{"line":1009,"column":41},"end":{"line":1009,"column":53}},"561":{"start":{"line":1010,"column":16},"end":{"line":1010,"column":35}},"562":{"start":{"line":1012,"column":12},"end":{"line":1012,"column":72}},"563":{"start":{"line":1014,"column":8},"end":{"line":1014,"column":39}},"564":{"start":{"line":1017,"column":24},"end":{"line":1017,"column":75}},"565":{"start":{"line":1018,"column":25},"end":{"line":1018,"column":27}},"566":{"start":{"line":1019,"column":21},"end":{"line":1019,"column":37}},"567":{"start":{"line":1020,"column":8},"end":{"line":1025,"column":9}},"568":{"start":{"line":1021,"column":25},"end":{"line":1021,"column":67}},"569":{"start":{"line":1022,"column":12},"end":{"line":1022,"column":41}},"570":{"start":{"line":1022,"column":35},"end":{"line":1022,"column":41}},"571":{"start":{"line":1023,"column":12},"end":{"line":1023,"column":32}},"572":{"start":{"line":1024,"column":12},"end":{"line":1024,"column":42}},"573":{"start":{"line":1024,"column":36},"end":{"line":1024,"column":42}},"574":{"start":{"line":1026,"column":8},"end":{"line":1026,"column":54}},"575":{"start":{"line":1027,"column":8},"end":{"line":1027,"column":20}},"576":{"start":{"line":1030,"column":8},"end":{"line":1030,"column":81}},"577":{"start":{"line":1030,"column":39},"end":{"line":1030,"column":81}},"578":{"start":{"line":1031,"column":8},"end":{"line":1034,"column":9}},"579":{"start":{"line":1032,"column":27},"end":{"line":1032,"column":74}},"580":{"start":{"line":1032,"column":53},"end":{"line":1032,"column":73}},"581":{"start":{"line":1033,"column":12},"end":{"line":1033,"column":81}},"582":{"start":{"line":1035,"column":8},"end":{"line":1035,"column":46}},"583":{"start":{"line":1039,"column":8},"end":{"line":1039,"column":36}},"584":{"start":{"line":1042,"column":8},"end":{"line":1042,"column":44}},"585":{"start":{"line":1045,"column":8},"end":{"line":1045,"column":45}},"586":{"start":{"line":1048,"column":8},"end":{"line":1048,"column":30}},"587":{"start":{"line":1049,"column":8},"end":{"line":1049,"column":28}},"588":{"start":{"line":1060,"column":8},"end":{"line":1060,"column":33}},"589":{"start":{"line":1063,"column":8},"end":{"line":1065,"column":10}},"590":{"start":{"line":1068,"column":8},"end":{"line":1068,"column":31}},"591":{"start":{"line":1071,"column":21},"end":{"line":1073,"column":9}},"592":{"start":{"line":1074,"column":8},"end":{"line":1074,"column":25}},"593":{"start":{"line":1075,"column":8},"end":{"line":1075,"column":44}},"594":{"start":{"line":1076,"column":8},"end":{"line":1076,"column":20}},"595":{"start":{"line":1079,"column":20},"end":{"line":1079,"column":44}},"596":{"start":{"line":1080,"column":8},"end":{"line":1080,"column":44}},"597":{"start":{"line":1080,"column":26},"end":{"line":1080,"column":44}},"598":{"start":{"line":1081,"column":8},"end":{"line":1081,"column":21}},"599":{"start":{"line":1084,"column":8},"end":{"line":1084,"column":41}},"600":{"start":{"line":1087,"column":8},"end":{"line":1087,"column":33}},"601":{"start":{"line":1088,"column":8},"end":{"line":1088,"column":20}},"602":{"start":{"line":1091,"column":8},"end":{"line":1091,"column":116}},"603":{"start":{"line":1091,"column":42},"end":{"line":1091,"column":114}},"604":{"start":{"line":1094,"column":8},"end":{"line":1094,"column":119}},"605":{"start":{"line":1094,"column":42},"end":{"line":1094,"column":117}},"606":{"start":{"line":1097,"column":8},"end":{"line":1097,"column":57}},"607":{"start":{"line":1100,"column":8},"end":{"line":1100,"column":74}},"608":{"start":{"line":1101,"column":8},"end":{"line":1101,"column":20}},"609":{"start":{"line":1104,"column":8},"end":{"line":1106,"column":42}},"610":{"start":{"line":1109,"column":24},"end":{"line":1109,"column":75}},"611":{"start":{"line":1110,"column":25},"end":{"line":1110,"column":27}},"612":{"start":{"line":1111,"column":8},"end":{"line":1117,"column":9}},"613":{"start":{"line":1111,"column":20},"end":{"line":1111,"column":21}},"614":{"start":{"line":1112,"column":25},"end":{"line":1112,"column":36}},"615":{"start":{"line":1113,"column":24},"end":{"line":1113,"column":64}},"616":{"start":{"line":1114,"column":12},"end":{"line":1114,"column":41}},"617":{"start":{"line":1114,"column":35},"end":{"line":1114,"column":41}},"618":{"start":{"line":1115,"column":12},"end":{"line":1115,"column":41}},"619":{"start":{"line":1115,"column":21},"end":{"line":1115,"column":41}},"620":{"start":{"line":1116,"column":12},"end":{"line":1116,"column":38}},"621":{"start":{"line":1116,"column":32},"end":{"line":1116,"column":38}},"622":{"start":{"line":1118,"column":8},"end":{"line":1118,"column":52}},"623":{"start":{"line":1119,"column":8},"end":{"line":1119,"column":20}},"624":{"start":{"line":1122,"column":8},"end":{"line":1122,"column":30}},"625":{"start":{"line":1123,"column":8},"end":{"line":1123,"column":42}},"626":{"start":{"line":1124,"column":8},"end":{"line":1124,"column":28}},"627":{"start":{"line":1135,"column":8},"end":{"line":1135,"column":44}},"628":{"start":{"line":1138,"column":8},"end":{"line":1138,"column":51}},"629":{"start":{"line":1141,"column":8},"end":{"line":1141,"column":53}},"630":{"start":{"line":1144,"column":8},"end":{"line":1144,"column":31}},"631":{"start":{"line":1147,"column":8},"end":{"line":1147,"column":32}},"632":{"start":{"line":1148,"column":8},"end":{"line":1148,"column":20}},"633":{"start":{"line":1151,"column":8},"end":{"line":1154,"column":9}},"634":{"start":{"line":1152,"column":26},"end":{"line":1152,"column":40}},"635":{"start":{"line":1153,"column":12},"end":{"line":1153,"column":104}},"636":{"start":{"line":1153,"column":92},"end":{"line":1153,"column":104}},"637":{"start":{"line":1155,"column":8},"end":{"line":1155,"column":25}},"638":{"start":{"line":1158,"column":8},"end":{"line":1160,"column":9}},"639":{"start":{"line":1159,"column":12},"end":{"line":1159,"column":104}},"640":{"start":{"line":1159,"column":92},"end":{"line":1159,"column":104}},"641":{"start":{"line":1161,"column":8},"end":{"line":1161,"column":21}},"642":{"start":{"line":1164,"column":8},"end":{"line":1166,"column":9}},"643":{"start":{"line":1165,"column":12},"end":{"line":1165,"column":101}},"644":{"start":{"line":1165,"column":89},"end":{"line":1165,"column":101}},"645":{"start":{"line":1167,"column":8},"end":{"line":1167,"column":21}},"646":{"start":{"line":1170,"column":8},"end":{"line":1170,"column":33}},"647":{"start":{"line":1171,"column":8},"end":{"line":1171,"column":20}},"648":{"start":{"line":1175,"column":25},"end":{"line":1175,"column":72}},"649":{"start":{"line":1176,"column":25},"end":{"line":1176,"column":27}},"650":{"start":{"line":1177,"column":8},"end":{"line":1177,"column":65}},"651":{"start":{"line":1177,"column":35},"end":{"line":1177,"column":65}},"652":{"start":{"line":1178,"column":8},"end":{"line":1178,"column":46}},"653":{"start":{"line":1179,"column":8},"end":{"line":1179,"column":20}},"654":{"start":{"line":1182,"column":8},"end":{"line":1182,"column":152}},"655":{"start":{"line":1186,"column":8},"end":{"line":1186,"column":58}},"656":{"start":{"line":1189,"column":8},"end":{"line":1189,"column":60}},"657":{"start":{"line":1192,"column":8},"end":{"line":1192,"column":61}},"658":{"start":{"line":1195,"column":8},"end":{"line":1195,"column":30}},"659":{"start":{"line":1196,"column":8},"end":{"line":1196,"column":51}},"660":{"start":{"line":1197,"column":8},"end":{"line":1197,"column":28}},"661":{"start":{"line":1206,"column":8},"end":{"line":1206,"column":40}},"662":{"start":{"line":1207,"column":8},"end":{"line":1207,"column":20}},"663":{"start":{"line":1210,"column":8},"end":{"line":1210,"column":109}},"664":{"start":{"line":1213,"column":22},"end":{"line":1213,"column":42}},"665":{"start":{"line":1214,"column":8},"end":{"line":1214,"column":27}},"666":{"start":{"line":1215,"column":8},"end":{"line":1215,"column":41}},"667":{"start":{"line":1216,"column":8},"end":{"line":1216,"column":20}},"668":{"start":{"line":1219,"column":8},"end":{"line":1226,"column":9}},"669":{"start":{"line":1220,"column":26},"end":{"line":1223,"column":25}},"670":{"start":{"line":1221,"column":16},"end":{"line":1221,"column":56}},"671":{"start":{"line":1221,"column":41},"end":{"line":1221,"column":56}},"672":{"start":{"line":1222,"column":16},"end":{"line":1222,"column":28}},"673":{"start":{"line":1224,"column":12},"end":{"line":1224,"column":44}},"674":{"start":{"line":1225,"column":12},"end":{"line":1225,"column":24}},"675":{"start":{"line":1227,"column":8},"end":{"line":1232,"column":9}},"676":{"start":{"line":1228,"column":25},"end":{"line":1228,"column":38}},"677":{"start":{"line":1229,"column":24},"end":{"line":1229,"column":44}},"678":{"start":{"line":1230,"column":12},"end":{"line":1230,"column":29}},"679":{"start":{"line":1231,"column":12},"end":{"line":1231,"column":42}},"680":{"start":{"line":1233,"column":8},"end":{"line":1233,"column":20}},"681":{"start":{"line":1236,"column":22},"end":{"line":1236,"column":42}},"682":{"start":{"line":1237,"column":8},"end":{"line":1237,"column":24}},"683":{"start":{"line":1238,"column":8},"end":{"line":1238,"column":41}},"684":{"start":{"line":1241,"column":23},"end":{"line":1241,"column":43}},"685":{"start":{"line":1242,"column":8},"end":{"line":1245,"column":11}},"686":{"start":{"line":1243,"column":24},"end":{"line":1243,"column":57}},"687":{"start":{"line":1244,"column":12},"end":{"line":1244,"column":58}},"688":{"start":{"line":1244,"column":41},"end":{"line":1244,"column":58}},"689":{"start":{"line":1246,"column":8},"end":{"line":1246,"column":38}},"690":{"start":{"line":1247,"column":8},"end":{"line":1247,"column":20}},"691":{"start":{"line":1250,"column":20},"end":{"line":1252,"column":11}},"692":{"start":{"line":1253,"column":24},"end":{"line":1253,"column":75}},"693":{"start":{"line":1254,"column":21},"end":{"line":1254,"column":36}},"694":{"start":{"line":1255,"column":8},"end":{"line":1259,"column":9}},"695":{"start":{"line":1256,"column":12},"end":{"line":1256,"column":59}},"696":{"start":{"line":1257,"column":12},"end":{"line":1257,"column":41}},"697":{"start":{"line":1257,"column":35},"end":{"line":1257,"column":41}},"698":{"start":{"line":1258,"column":12},"end":{"line":1258,"column":38}},"699":{"start":{"line":1258,"column":32},"end":{"line":1258,"column":38}},"700":{"start":{"line":1260,"column":8},"end":{"line":1260,"column":20}},"701":{"start":{"line":1263,"column":8},"end":{"line":1263,"column":47}},"702":{"start":{"line":1263,"column":30},"end":{"line":1263,"column":47}},"703":{"start":{"line":1264,"column":8},"end":{"line":1264,"column":31}},"704":{"start":{"line":1267,"column":8},"end":{"line":1267,"column":46}},"705":{"start":{"line":1267,"column":34},"end":{"line":1267,"column":46}},"706":{"start":{"line":1268,"column":8},"end":{"line":1274,"column":18}},"707":{"start":{"line":1269,"column":12},"end":{"line":1272,"column":13}},"708":{"start":{"line":1270,"column":16},"end":{"line":1270,"column":32}},"709":{"start":{"line":1271,"column":16},"end":{"line":1271,"column":28}},"710":{"start":{"line":1273,"column":12},"end":{"line":1273,"column":24}},"711":{"start":{"line":1277,"column":8},"end":{"line":1277,"column":58}},"712":{"start":{"line":1280,"column":8},"end":{"line":1280,"column":35}},"713":{"start":{"line":1283,"column":21},"end":{"line":1283,"column":23}},"714":{"start":{"line":1284,"column":8},"end":{"line":1284,"column":55}},"715":{"start":{"line":1284,"column":20},"end":{"line":1284,"column":21}},"716":{"start":{"line":1284,"column":42},"end":{"line":1284,"column":55}},"717":{"start":{"line":1285,"column":8},"end":{"line":1285,"column":84}},"718":{"start":{"line":1288,"column":8},"end":{"line":1288,"column":50}},"719":{"start":{"line":1288,"column":33},"end":{"line":1288,"column":50}},"720":{"start":{"line":1289,"column":8},"end":{"line":1295,"column":22}},"721":{"start":{"line":1290,"column":12},"end":{"line":1293,"column":13}},"722":{"start":{"line":1291,"column":16},"end":{"line":1291,"column":32}},"723":{"start":{"line":1292,"column":16},"end":{"line":1292,"column":27}},"724":{"start":{"line":1294,"column":12},"end":{"line":1294,"column":24}},"725":{"start":{"line":1298,"column":25},"end":{"line":1298,"column":34}},"726":{"start":{"line":1299,"column":8},"end":{"line":1302,"column":11}},"727":{"start":{"line":1300,"column":28},"end":{"line":1300,"column":66}},"728":{"start":{"line":1301,"column":12},"end":{"line":1301,"column":56}},"729":{"start":{"line":1301,"column":34},"end":{"line":1301,"column":56}},"730":{"start":{"line":1303,"column":8},"end":{"line":1303,"column":37}},"731":{"start":{"line":1304,"column":8},"end":{"line":1304,"column":20}},"732":{"start":{"line":1307,"column":27},"end":{"line":1307,"column":105}},"733":{"start":{"line":1308,"column":26},"end":{"line":1310,"column":9}},"734":{"start":{"line":1309,"column":12},"end":{"line":1309,"column":64}},"735":{"start":{"line":1311,"column":8},"end":{"line":1311,"column":53}},"736":{"start":{"line":1314,"column":8},"end":{"line":1314,"column":46}},"737":{"start":{"line":1317,"column":8},"end":{"line":1317,"column":122}},"738":{"start":{"line":1318,"column":8},"end":{"line":1318,"column":51}},"739":{"start":{"line":1318,"column":29},"end":{"line":1318,"column":51}},"740":{"start":{"line":1319,"column":8},"end":{"line":1322,"column":11}},"741":{"start":{"line":1320,"column":12},"end":{"line":1320,"column":44}},"742":{"start":{"line":1320,"column":32},"end":{"line":1320,"column":44}},"743":{"start":{"line":1321,"column":12},"end":{"line":1321,"column":27}},"744":{"start":{"line":1325,"column":29},"end":{"line":1325,"column":107}},"745":{"start":{"line":1326,"column":8},"end":{"line":1326,"column":34}},"746":{"start":{"line":1327,"column":8},"end":{"line":1327,"column":57}},"747":{"start":{"line":1328,"column":8},"end":{"line":1328,"column":20}},"748":{"start":{"line":1331,"column":8},"end":{"line":1331,"column":92}},"749":{"start":{"line":1334,"column":22},"end":{"line":1334,"column":24}},"750":{"start":{"line":1335,"column":8},"end":{"line":1335,"column":53}},"751":{"start":{"line":1335,"column":35},"end":{"line":1335,"column":51}},"752":{"start":{"line":1336,"column":8},"end":{"line":1336,"column":21}},"753":{"start":{"line":1339,"column":21},"end":{"line":1339,"column":23}},"754":{"start":{"line":1340,"column":8},"end":{"line":1340,"column":55}},"755":{"start":{"line":1340,"column":20},"end":{"line":1340,"column":21}},"756":{"start":{"line":1340,"column":42},"end":{"line":1340,"column":55}},"757":{"start":{"line":1341,"column":8},"end":{"line":1341,"column":20}},"758":{"start":{"line":1344,"column":8},"end":{"line":1344,"column":31}},"759":{"start":{"line":1347,"column":8},"end":{"line":1347,"column":30}},"760":{"start":{"line":1348,"column":8},"end":{"line":1348,"column":28}},"761":{"start":{"line":1353,"column":47},"end":{"line":1375,"column":1}},"762":{"start":{"line":1355,"column":4},"end":{"line":1373,"column":5}},"763":{"start":{"line":1357,"column":12},"end":{"line":1357,"column":84}},"764":{"start":{"line":1358,"column":12},"end":{"line":1358,"column":18}},"765":{"start":{"line":1360,"column":12},"end":{"line":1360,"column":84}},"766":{"start":{"line":1361,"column":12},"end":{"line":1361,"column":18}},"767":{"start":{"line":1363,"column":12},"end":{"line":1363,"column":84}},"768":{"start":{"line":1364,"column":12},"end":{"line":1364,"column":18}},"769":{"start":{"line":1366,"column":12},"end":{"line":1366,"column":84}},"770":{"start":{"line":1367,"column":12},"end":{"line":1367,"column":18}},"771":{"start":{"line":1369,"column":12},"end":{"line":1369,"column":84}},"772":{"start":{"line":1370,"column":12},"end":{"line":1370,"column":18}},"773":{"start":{"line":1372,"column":12},"end":{"line":1372,"column":84}},"774":{"start":{"line":1374,"column":4},"end":{"line":1374,"column":15}},"775":{"start":{"line":1380,"column":32},"end":{"line":1380,"column":34}},"776":{"start":{"line":1382,"column":0},"end":{"line":1382,"column":101}},"777":{"start":{"line":1382,"column":59},"end":{"line":1382,"column":99}},"778":{"start":{"line":1383,"column":0},"end":{"line":1383,"column":100}},"779":{"start":{"line":1383,"column":57},"end":{"line":1383,"column":98}},"780":{"start":{"line":1384,"column":0},"end":{"line":1384,"column":101}},"781":{"start":{"line":1384,"column":59},"end":{"line":1384,"column":99}},"782":{"start":{"line":1385,"column":0},"end":{"line":1385,"column":100}},"783":{"start":{"line":1385,"column":57},"end":{"line":1385,"column":98}},"784":{"start":{"line":1386,"column":0},"end":{"line":1386,"column":100}},"785":{"start":{"line":1386,"column":57},"end":{"line":1386,"column":98}},"786":{"start":{"line":1387,"column":0},"end":{"line":1387,"column":104}},"787":{"start":{"line":1387,"column":61},"end":{"line":1387,"column":102}},"788":{"start":{"line":1394,"column":0},"end":{"line":1394,"column":101}},"789":{"start":{"line":1395,"column":48},"end":{"line":1395,"column":91}}},"fnMap":{"0":{"name":"$parcel$defineInteropFlag","decl":{"start":{"line":5,"column":9},"end":{"line":5,"column":34}},"loc":{"start":{"line":5,"column":38},"end":{"line":7,"column":1}},"line":5},"1":{"name":"$parcel$export","decl":{"start":{"line":8,"column":9},"end":{"line":8,"column":23}},"loc":{"start":{"line":8,"column":36},"end":{"line":10,"column":1}},"line":8},"2":{"name":"$parcel$interopDefault","decl":{"start":{"line":11,"column":9},"end":{"line":11,"column":31}},"loc":{"start":{"line":11,"column":35},"end":{"line":13,"column":1}},"line":11},"3":{"name":"(anonymous_3)","decl":{"start":{"line":17,"column":42},"end":{"line":17,"column":43}},"loc":{"start":{"line":17,"column":48},"end":{"line":17,"column":88}},"line":17},"4":{"name":"(anonymous_4)","decl":{"start":{"line":18,"column":41},"end":{"line":18,"column":42}},"loc":{"start":{"line":18,"column":47},"end":{"line":18,"column":87}},"line":18},"5":{"name":"(anonymous_5)","decl":{"start":{"line":19,"column":40},"end":{"line":19,"column":41}},"loc":{"start":{"line":19,"column":46},"end":{"line":19,"column":71}},"line":19},"6":{"name":"(anonymous_6)","decl":{"start":{"line":20,"column":40},"end":{"line":20,"column":41}},"loc":{"start":{"line":20,"column":46},"end":{"line":20,"column":71}},"line":20},"7":{"name":"(anonymous_7)","decl":{"start":{"line":23,"column":54},"end":{"line":23,"column":55}},"loc":{"start":{"line":23,"column":60},"end":{"line":23,"column":101}},"line":23},"8":{"name":"(anonymous_8)","decl":{"start":{"line":24,"column":54},"end":{"line":24,"column":55}},"loc":{"start":{"line":24,"column":60},"end":{"line":24,"column":101}},"line":24},"9":{"name":"(anonymous_9)","decl":{"start":{"line":25,"column":52},"end":{"line":25,"column":53}},"loc":{"start":{"line":25,"column":58},"end":{"line":25,"column":99}},"line":25},"10":{"name":"(anonymous_10)","decl":{"start":{"line":26,"column":57},"end":{"line":26,"column":58}},"loc":{"start":{"line":26,"column":63},"end":{"line":26,"column":104}},"line":26},"11":{"name":"(anonymous_11)","decl":{"start":{"line":28,"column":1},"end":{"line":28,"column":2}},"loc":{"start":{"line":28,"column":21},"end":{"line":36,"column":1}},"line":28},"12":{"name":"(anonymous_12)","decl":{"start":{"line":38,"column":1},"end":{"line":38,"column":2}},"loc":{"start":{"line":38,"column":21},"end":{"line":46,"column":1}},"line":38},"13":{"name":"(anonymous_13)","decl":{"start":{"line":49,"column":1},"end":{"line":49,"column":2}},"loc":{"start":{"line":49,"column":24},"end":{"line":53,"column":1}},"line":49},"14":{"name":"$6fc42c8f572c6c85$export$357dd7cc475f25ca","decl":{"start":{"line":57,"column":9},"end":{"line":57,"column":50}},"loc":{"start":{"line":57,"column":57},"end":{"line":59,"column":1}},"line":57},"15":{"name":"(anonymous_15)","decl":{"start":{"line":58,"column":11},"end":{"line":58,"column":12}},"loc":{"start":{"line":58,"column":20},"end":{"line":58,"column":41}},"line":58},"16":{"name":"$6fc42c8f572c6c85$export$23a80a7bd3a97a3","decl":{"start":{"line":60,"column":9},"end":{"line":60,"column":49}},"loc":{"start":{"line":60,"column":56},"end":{"line":65,"column":1}},"line":60},"17":{"name":"$6fc42c8f572c6c85$export$dd1bc94b04021eeb","decl":{"start":{"line":66,"column":9},"end":{"line":66,"column":50}},"loc":{"start":{"line":66,"column":57},"end":{"line":72,"column":1}},"line":66},"18":{"name":"$6fc42c8f572c6c85$export$82f692b75ab87265","decl":{"start":{"line":74,"column":9},"end":{"line":74,"column":50}},"loc":{"start":{"line":74,"column":72},"end":{"line":76,"column":1}},"line":74},"19":{"name":"(anonymous_19)","decl":{"start":{"line":77,"column":50},"end":{"line":77,"column":51}},"loc":{"start":{"line":77,"column":55},"end":{"line":77,"column":76}},"line":77},"20":{"name":"$6fc42c8f572c6c85$export$b22ca96a1a22bfba","decl":{"start":{"line":78,"column":9},"end":{"line":78,"column":50}},"loc":{"start":{"line":78,"column":72},"end":{"line":80,"column":1}},"line":78},"21":{"name":"(anonymous_21)","decl":{"start":{"line":82,"column":50},"end":{"line":82,"column":51}},"loc":{"start":{"line":82,"column":55},"end":{"line":82,"column":72}},"line":82},"22":{"name":"(anonymous_22)","decl":{"start":{"line":83,"column":50},"end":{"line":83,"column":51}},"loc":{"start":{"line":83,"column":55},"end":{"line":83,"column":71}},"line":83},"23":{"name":"$6fc42c8f572c6c85$export$d65e0d2355a8d62b","decl":{"start":{"line":85,"column":9},"end":{"line":85,"column":50}},"loc":{"start":{"line":85,"column":58},"end":{"line":88,"column":1}},"line":85},"24":{"name":"(anonymous_24)","decl":{"start":{"line":89,"column":50},"end":{"line":89,"column":51}},"loc":{"start":{"line":89,"column":69},"end":{"line":96,"column":1}},"line":89},"25":{"name":"$6fc42c8f572c6c85$export$63cc9d6c11a5a382","decl":{"start":{"line":97,"column":9},"end":{"line":97,"column":50}},"loc":{"start":{"line":97,"column":72},"end":{"line":100,"column":1}},"line":97},"26":{"name":"(anonymous_26)","decl":{"start":{"line":155,"column":14},"end":{"line":155,"column":15}},"loc":{"start":{"line":155,"column":18},"end":{"line":155,"column":22}},"line":155},"27":{"name":"$6fc42c8f572c6c85$export$83a82dd72ece18dc","decl":{"start":{"line":159,"column":9},"end":{"line":159,"column":50}},"loc":{"start":{"line":159,"column":58},"end":{"line":166,"column":1}},"line":159},"28":{"name":"$6fc42c8f572c6c85$export$7a3c7685bd5f214","decl":{"start":{"line":167,"column":9},"end":{"line":167,"column":49}},"loc":{"start":{"line":167,"column":56},"end":{"line":175,"column":1}},"line":167},"29":{"name":"$6fc42c8f572c6c85$export$838d6a7600a95926","decl":{"start":{"line":176,"column":9},"end":{"line":176,"column":50}},"loc":{"start":{"line":176,"column":58},"end":{"line":187,"column":1}},"line":176},"30":{"name":"$6fc42c8f572c6c85$export$70ffe88f1bd9be6e","decl":{"start":{"line":188,"column":9},"end":{"line":188,"column":50}},"loc":{"start":{"line":188,"column":64},"end":{"line":195,"column":1}},"line":188},"31":{"name":"$a50d0a946d0e6135$export$5cebbcfef409efe6","decl":{"start":{"line":214,"column":9},"end":{"line":214,"column":50}},"loc":{"start":{"line":214,"column":67},"end":{"line":244,"column":1}},"line":214},"32":{"name":"$a50d0a946d0e6135$export$38f45d231404a8d9","decl":{"start":{"line":245,"column":9},"end":{"line":245,"column":50}},"loc":{"start":{"line":245,"column":121},"end":{"line":273,"column":1}},"line":245},"33":{"name":"(anonymous_33)","decl":{"start":{"line":251,"column":27},"end":{"line":251,"column":28}},"loc":{"start":{"line":251,"column":44},"end":{"line":253,"column":13}},"line":251},"34":{"name":"(anonymous_34)","decl":{"start":{"line":259,"column":40},"end":{"line":259,"column":41}},"loc":{"start":{"line":259,"column":47},"end":{"line":261,"column":13}},"line":259},"35":{"name":"(anonymous_35)","decl":{"start":{"line":267,"column":27},"end":{"line":267,"column":28}},"loc":{"start":{"line":267,"column":42},"end":{"line":269,"column":13}},"line":267},"36":{"name":"(anonymous_36)","decl":{"start":{"line":280,"column":4},"end":{"line":280,"column":5}},"loc":{"start":{"line":280,"column":21},"end":{"line":282,"column":5}},"line":280},"37":{"name":"(anonymous_37)","decl":{"start":{"line":283,"column":4},"end":{"line":283,"column":5}},"loc":{"start":{"line":283,"column":12},"end":{"line":285,"column":5}},"line":283},"38":{"name":"(anonymous_38)","decl":{"start":{"line":286,"column":4},"end":{"line":286,"column":5}},"loc":{"start":{"line":286,"column":22},"end":{"line":288,"column":5}},"line":286},"39":{"name":"(anonymous_39)","decl":{"start":{"line":289,"column":4},"end":{"line":289,"column":5}},"loc":{"start":{"line":289,"column":12},"end":{"line":291,"column":5}},"line":289},"40":{"name":"(anonymous_40)","decl":{"start":{"line":292,"column":4},"end":{"line":292,"column":5}},"loc":{"start":{"line":292,"column":20},"end":{"line":294,"column":5}},"line":292},"41":{"name":"(anonymous_41)","decl":{"start":{"line":295,"column":4},"end":{"line":295,"column":5}},"loc":{"start":{"line":295,"column":21},"end":{"line":297,"column":5}},"line":295},"42":{"name":"(anonymous_42)","decl":{"start":{"line":298,"column":4},"end":{"line":298,"column":5}},"loc":{"start":{"line":298,"column":20},"end":{"line":300,"column":5}},"line":298},"43":{"name":"(anonymous_43)","decl":{"start":{"line":301,"column":4},"end":{"line":301,"column":5}},"loc":{"start":{"line":301,"column":21},"end":{"line":303,"column":5}},"line":301},"44":{"name":"(anonymous_44)","decl":{"start":{"line":304,"column":4},"end":{"line":304,"column":5}},"loc":{"start":{"line":304,"column":14},"end":{"line":306,"column":5}},"line":304},"45":{"name":"(anonymous_45)","decl":{"start":{"line":307,"column":4},"end":{"line":307,"column":5}},"loc":{"start":{"line":307,"column":19},"end":{"line":309,"column":5}},"line":307},"46":{"name":"(anonymous_46)","decl":{"start":{"line":310,"column":4},"end":{"line":310,"column":5}},"loc":{"start":{"line":310,"column":17},"end":{"line":312,"column":5}},"line":310},"47":{"name":"(anonymous_47)","decl":{"start":{"line":313,"column":4},"end":{"line":313,"column":5}},"loc":{"start":{"line":313,"column":17},"end":{"line":315,"column":5}},"line":313},"48":{"name":"(anonymous_48)","decl":{"start":{"line":316,"column":4},"end":{"line":316,"column":5}},"loc":{"start":{"line":316,"column":17},"end":{"line":318,"column":5}},"line":316},"49":{"name":"(anonymous_49)","decl":{"start":{"line":319,"column":4},"end":{"line":319,"column":5}},"loc":{"start":{"line":319,"column":30},"end":{"line":321,"column":5}},"line":319},"50":{"name":"(anonymous_50)","decl":{"start":{"line":322,"column":4},"end":{"line":322,"column":5}},"loc":{"start":{"line":322,"column":31},"end":{"line":324,"column":5}},"line":322},"51":{"name":"(anonymous_51)","decl":{"start":{"line":325,"column":4},"end":{"line":325,"column":5}},"loc":{"start":{"line":325,"column":22},"end":{"line":327,"column":5}},"line":325},"52":{"name":"(anonymous_52)","decl":{"start":{"line":328,"column":4},"end":{"line":328,"column":5}},"loc":{"start":{"line":328,"column":18},"end":{"line":330,"column":5}},"line":328},"53":{"name":"(anonymous_53)","decl":{"start":{"line":331,"column":4},"end":{"line":331,"column":5}},"loc":{"start":{"line":331,"column":21},"end":{"line":334,"column":5}},"line":331},"54":{"name":"(anonymous_54)","decl":{"start":{"line":336,"column":4},"end":{"line":336,"column":5}},"loc":{"start":{"line":336,"column":14},"end":{"line":338,"column":5}},"line":336},"55":{"name":"(anonymous_55)","decl":{"start":{"line":339,"column":4},"end":{"line":339,"column":5}},"loc":{"start":{"line":339,"column":15},"end":{"line":341,"column":5}},"line":339},"56":{"name":"(anonymous_56)","decl":{"start":{"line":342,"column":4},"end":{"line":342,"column":5}},"loc":{"start":{"line":342,"column":16},"end":{"line":344,"column":5}},"line":342},"57":{"name":"(anonymous_57)","decl":{"start":{"line":345,"column":4},"end":{"line":345,"column":5}},"loc":{"start":{"line":345,"column":31},"end":{"line":358,"column":5}},"line":345},"58":{"name":"(anonymous_58)","decl":{"start":{"line":346,"column":97},"end":{"line":346,"column":98}},"loc":{"start":{"line":346,"column":105},"end":{"line":346,"column":112}},"line":346},"59":{"name":"(anonymous_59)","decl":{"start":{"line":347,"column":96},"end":{"line":347,"column":97}},"loc":{"start":{"line":347,"column":104},"end":{"line":347,"column":111}},"line":347},"60":{"name":"(anonymous_60)","decl":{"start":{"line":362,"column":47},"end":{"line":362,"column":48}},"loc":{"start":{"line":362,"column":55},"end":{"line":362,"column":62}},"line":362},"61":{"name":"(anonymous_61)","decl":{"start":{"line":364,"column":4},"end":{"line":364,"column":5}},"loc":{"start":{"line":364,"column":21},"end":{"line":388,"column":5}},"line":364},"62":{"name":"(anonymous_62)","decl":{"start":{"line":389,"column":4},"end":{"line":389,"column":5}},"loc":{"start":{"line":389,"column":39},"end":{"line":398,"column":5}},"line":389},"63":{"name":"(anonymous_63)","decl":{"start":{"line":399,"column":4},"end":{"line":399,"column":5}},"loc":{"start":{"line":399,"column":19},"end":{"line":401,"column":5}},"line":399},"64":{"name":"(anonymous_64)","decl":{"start":{"line":400,"column":24},"end":{"line":400,"column":25}},"loc":{"start":{"line":400,"column":32},"end":{"line":400,"column":50}},"line":400},"65":{"name":"(anonymous_65)","decl":{"start":{"line":402,"column":4},"end":{"line":402,"column":5}},"loc":{"start":{"line":402,"column":16},"end":{"line":404,"column":5}},"line":402},"66":{"name":"(anonymous_66)","decl":{"start":{"line":406,"column":4},"end":{"line":406,"column":5}},"loc":{"start":{"line":406,"column":31},"end":{"line":413,"column":5}},"line":406},"67":{"name":"(anonymous_67)","decl":{"start":{"line":414,"column":4},"end":{"line":414,"column":5}},"loc":{"start":{"line":414,"column":18},"end":{"line":420,"column":5}},"line":414},"68":{"name":"(anonymous_68)","decl":{"start":{"line":421,"column":4},"end":{"line":421,"column":5}},"loc":{"start":{"line":421,"column":19},"end":{"line":423,"column":5}},"line":421},"69":{"name":"(anonymous_69)","decl":{"start":{"line":424,"column":4},"end":{"line":424,"column":5}},"loc":{"start":{"line":424,"column":24},"end":{"line":430,"column":5}},"line":424},"70":{"name":"(anonymous_70)","decl":{"start":{"line":431,"column":4},"end":{"line":431,"column":5}},"loc":{"start":{"line":431,"column":20},"end":{"line":433,"column":5}},"line":431},"71":{"name":"(anonymous_71)","decl":{"start":{"line":434,"column":4},"end":{"line":434,"column":5}},"loc":{"start":{"line":434,"column":25},"end":{"line":440,"column":5}},"line":434},"72":{"name":"(anonymous_72)","decl":{"start":{"line":441,"column":4},"end":{"line":441,"column":5}},"loc":{"start":{"line":441,"column":15},"end":{"line":443,"column":5}},"line":441},"73":{"name":"(anonymous_73)","decl":{"start":{"line":444,"column":4},"end":{"line":444,"column":5}},"loc":{"start":{"line":444,"column":15},"end":{"line":446,"column":5}},"line":444},"74":{"name":"(anonymous_74)","decl":{"start":{"line":447,"column":4},"end":{"line":447,"column":5}},"loc":{"start":{"line":447,"column":12},"end":{"line":449,"column":5}},"line":447},"75":{"name":"(anonymous_75)","decl":{"start":{"line":450,"column":4},"end":{"line":450,"column":5}},"loc":{"start":{"line":450,"column":27},"end":{"line":463,"column":5}},"line":450},"76":{"name":"(anonymous_76)","decl":{"start":{"line":464,"column":4},"end":{"line":464,"column":5}},"loc":{"start":{"line":464,"column":32},"end":{"line":472,"column":5}},"line":464},"77":{"name":"(anonymous_77)","decl":{"start":{"line":475,"column":122},"end":{"line":475,"column":123}},"loc":{"start":{"line":475,"column":140},"end":{"line":477,"column":1}},"line":475},"78":{"name":"(anonymous_78)","decl":{"start":{"line":482,"column":1},"end":{"line":482,"column":2}},"loc":{"start":{"line":482,"column":24},"end":{"line":486,"column":1}},"line":482},"79":{"name":"(anonymous_79)","decl":{"start":{"line":488,"column":4},"end":{"line":488,"column":5}},"loc":{"start":{"line":488,"column":19},"end":{"line":490,"column":5}},"line":488},"80":{"name":"(anonymous_80)","decl":{"start":{"line":491,"column":4},"end":{"line":491,"column":5}},"loc":{"start":{"line":491,"column":20},"end":{"line":493,"column":5}},"line":491},"81":{"name":"(anonymous_81)","decl":{"start":{"line":494,"column":4},"end":{"line":494,"column":5}},"loc":{"start":{"line":494,"column":21},"end":{"line":496,"column":5}},"line":494},"82":{"name":"(anonymous_82)","decl":{"start":{"line":497,"column":4},"end":{"line":497,"column":5}},"loc":{"start":{"line":497,"column":17},"end":{"line":499,"column":5}},"line":497},"83":{"name":"(anonymous_83)","decl":{"start":{"line":501,"column":4},"end":{"line":501,"column":5}},"loc":{"start":{"line":501,"column":12},"end":{"line":503,"column":5}},"line":501},"84":{"name":"(anonymous_84)","decl":{"start":{"line":504,"column":4},"end":{"line":504,"column":5}},"loc":{"start":{"line":504,"column":11},"end":{"line":507,"column":5}},"line":504},"85":{"name":"(anonymous_85)","decl":{"start":{"line":508,"column":4},"end":{"line":508,"column":5}},"loc":{"start":{"line":508,"column":20},"end":{"line":510,"column":5}},"line":508},"86":{"name":"(anonymous_86)","decl":{"start":{"line":511,"column":4},"end":{"line":511,"column":5}},"loc":{"start":{"line":511,"column":17},"end":{"line":513,"column":5}},"line":511},"87":{"name":"(anonymous_87)","decl":{"start":{"line":518,"column":4},"end":{"line":518,"column":5}},"loc":{"start":{"line":518,"column":65},"end":{"line":532,"column":5}},"line":518},"88":{"name":"(anonymous_88)","decl":{"start":{"line":525,"column":27},"end":{"line":525,"column":28}},"loc":{"start":{"line":525,"column":42},"end":{"line":529,"column":13}},"line":525},"89":{"name":"(anonymous_89)","decl":{"start":{"line":533,"column":4},"end":{"line":533,"column":5}},"loc":{"start":{"line":533,"column":52},"end":{"line":539,"column":5}},"line":533},"90":{"name":"(anonymous_90)","decl":{"start":{"line":535,"column":54},"end":{"line":535,"column":55}},"loc":{"start":{"line":535,"column":70},"end":{"line":537,"column":9}},"line":535},"91":{"name":"(anonymous_91)","decl":{"start":{"line":544,"column":4},"end":{"line":544,"column":5}},"loc":{"start":{"line":544,"column":15},"end":{"line":546,"column":5}},"line":544},"92":{"name":"(anonymous_92)","decl":{"start":{"line":547,"column":4},"end":{"line":547,"column":5}},"loc":{"start":{"line":547,"column":15},"end":{"line":549,"column":5}},"line":547},"93":{"name":"(anonymous_93)","decl":{"start":{"line":550,"column":4},"end":{"line":550,"column":5}},"loc":{"start":{"line":550,"column":16},"end":{"line":552,"column":5}},"line":550},"94":{"name":"(anonymous_94)","decl":{"start":{"line":553,"column":4},"end":{"line":553,"column":5}},"loc":{"start":{"line":553,"column":18},"end":{"line":555,"column":5}},"line":553},"95":{"name":"(anonymous_95)","decl":{"start":{"line":554,"column":43},"end":{"line":554,"column":44}},"loc":{"start":{"line":554,"column":56},"end":{"line":554,"column":134}},"line":554},"96":{"name":"(anonymous_96)","decl":{"start":{"line":556,"column":4},"end":{"line":556,"column":5}},"loc":{"start":{"line":556,"column":16},"end":{"line":563,"column":5}},"line":556},"97":{"name":"(anonymous_97)","decl":{"start":{"line":564,"column":4},"end":{"line":564,"column":5}},"loc":{"start":{"line":564,"column":19},"end":{"line":571,"column":5}},"line":564},"98":{"name":"(anonymous_98)","decl":{"start":{"line":572,"column":4},"end":{"line":572,"column":5}},"loc":{"start":{"line":572,"column":13},"end":{"line":580,"column":5}},"line":572},"99":{"name":"(anonymous_99)","decl":{"start":{"line":573,"column":27},"end":{"line":573,"column":28}},"loc":{"start":{"line":573,"column":68},"end":{"line":579,"column":9}},"line":573},"100":{"name":"(anonymous_100)","decl":{"start":{"line":581,"column":4},"end":{"line":581,"column":5}},"loc":{"start":{"line":581,"column":16},"end":{"line":585,"column":5}},"line":581},"101":{"name":"(anonymous_101)","decl":{"start":{"line":586,"column":4},"end":{"line":586,"column":5}},"loc":{"start":{"line":586,"column":19},"end":{"line":589,"column":5}},"line":586},"102":{"name":"(anonymous_102)","decl":{"start":{"line":590,"column":4},"end":{"line":590,"column":5}},"loc":{"start":{"line":590,"column":21},"end":{"line":592,"column":5}},"line":590},"103":{"name":"(anonymous_103)","decl":{"start":{"line":591,"column":27},"end":{"line":591,"column":28}},"loc":{"start":{"line":591,"column":36},"end":{"line":591,"column":111}},"line":591},"104":{"name":"(anonymous_104)","decl":{"start":{"line":593,"column":4},"end":{"line":593,"column":5}},"loc":{"start":{"line":593,"column":12},"end":{"line":596,"column":5}},"line":593},"105":{"name":"(anonymous_105)","decl":{"start":{"line":597,"column":4},"end":{"line":597,"column":5}},"loc":{"start":{"line":597,"column":17},"end":{"line":611,"column":5}},"line":597},"106":{"name":"(anonymous_106)","decl":{"start":{"line":612,"column":4},"end":{"line":612,"column":5}},"loc":{"start":{"line":612,"column":18},"end":{"line":620,"column":5}},"line":612},"107":{"name":"(anonymous_107)","decl":{"start":{"line":621,"column":4},"end":{"line":621,"column":5}},"loc":{"start":{"line":621,"column":14},"end":{"line":635,"column":5}},"line":621},"108":{"name":"(anonymous_108)","decl":{"start":{"line":636,"column":4},"end":{"line":636,"column":5}},"loc":{"start":{"line":636,"column":28},"end":{"line":647,"column":5}},"line":636},"109":{"name":"(anonymous_109)","decl":{"start":{"line":648,"column":4},"end":{"line":648,"column":5}},"loc":{"start":{"line":648,"column":27},"end":{"line":651,"column":5}},"line":648},"110":{"name":"$871d0ace96e70a79$var$compareTypes","decl":{"start":{"line":666,"column":9},"end":{"line":666,"column":43}},"loc":{"start":{"line":666,"column":64},"end":{"line":697,"column":1}},"line":666},"111":{"name":"$871d0ace96e70a79$export$2e2bcd8739ae039","decl":{"start":{"line":698,"column":9},"end":{"line":698,"column":49}},"loc":{"start":{"line":698,"column":56},"end":{"line":704,"column":1}},"line":698},"112":{"name":"(anonymous_112)","decl":{"start":{"line":708,"column":4},"end":{"line":708,"column":5}},"loc":{"start":{"line":708,"column":13},"end":{"line":711,"column":5}},"line":708},"113":{"name":"(anonymous_113)","decl":{"start":{"line":712,"column":4},"end":{"line":712,"column":5}},"loc":{"start":{"line":712,"column":15},"end":{"line":714,"column":5}},"line":712},"114":{"name":"(anonymous_114)","decl":{"start":{"line":715,"column":4},"end":{"line":715,"column":5}},"loc":{"start":{"line":715,"column":16},"end":{"line":717,"column":5}},"line":715},"115":{"name":"(anonymous_115)","decl":{"start":{"line":718,"column":4},"end":{"line":718,"column":5}},"loc":{"start":{"line":718,"column":22},"end":{"line":720,"column":5}},"line":718},"116":{"name":"(anonymous_116)","decl":{"start":{"line":721,"column":4},"end":{"line":721,"column":5}},"loc":{"start":{"line":721,"column":16},"end":{"line":730,"column":5}},"line":721},"117":{"name":"(anonymous_117)","decl":{"start":{"line":723,"column":27},"end":{"line":723,"column":28}},"loc":{"start":{"line":723,"column":66},"end":{"line":729,"column":9}},"line":723},"118":{"name":"(anonymous_118)","decl":{"start":{"line":731,"column":4},"end":{"line":731,"column":5}},"loc":{"start":{"line":731,"column":65},"end":{"line":740,"column":5}},"line":731},"119":{"name":"(anonymous_119)","decl":{"start":{"line":741,"column":4},"end":{"line":741,"column":5}},"loc":{"start":{"line":741,"column":18},"end":{"line":749,"column":5}},"line":741},"120":{"name":"(anonymous_120)","decl":{"start":{"line":742,"column":27},"end":{"line":742,"column":28}},"loc":{"start":{"line":742,"column":65},"end":{"line":748,"column":9}},"line":742},"121":{"name":"(anonymous_121)","decl":{"start":{"line":750,"column":4},"end":{"line":750,"column":5}},"loc":{"start":{"line":750,"column":19},"end":{"line":755,"column":5}},"line":750},"122":{"name":"(anonymous_122)","decl":{"start":{"line":757,"column":4},"end":{"line":757,"column":5}},"loc":{"start":{"line":757,"column":14},"end":{"line":759,"column":5}},"line":757},"123":{"name":"(anonymous_123)","decl":{"start":{"l
[...]
      );\n    }\n    return 1;\n  } else if (formIsCompound(typeB as FormEnum)) {\n    return compareTypes(a, toString(b), typeA, TypeEnum.string);\n  }\n\n  if (a > b) return 1;\n  return -1;\n}\n\n/**\n * the rule or the sort function is :\n * if the values are equal, return 0;\n * if (b > a) return 1; -- sort is b, a\n * if (a > b) return -1; -- sort is a, b\n * @param a\n * @param b\n */\nexport default function compare(a, b) {\n  if (a === b) return 0;\n\n  if (isEmpty(a)) {\n    if (isEmpty(b)) {\n      return 0;\n      return -1;\n    }\n  } else if (isEmpty(b)) {\n    return 1;\n  }\n\n  return compareTypes(a, b);\n}\n","import Collection from './Collection';\nimport { optionsObj } from './types';\n\nexport default class ScalarCollection extends Collection {\n  protected _store: any;\n  constructor(store: any, options?: optionsObj) {\n    super(store, options);\n    this._store = store;\n  }\n\n  get size() {\n    return 0;\n  }\n\n  get(_key) {\n    this.err('key');\n    return 0;\n  }\n\n  set(_key, _item) {\n    this.err('set');\n    return this;\n  }\n\n  hasKey(_item) {\n    this.err('hasKey');\n    return null;\n  }\n\n  hasItem(_item) {\n    this.err('hasItem');\n    return null;\n  }\n\n  keyOf(_item) {\n    this.err('keyOf');\n    return undefined;\n  }\n\n  err(method) {\n    throw new Error(`${method} not available for scalar collection`);\n  }\n\n  get keys() {\n    this.err('keys');\n    return [];\n  }\n\n  get items() {\n    this.err('items');\n    return [];\n  }\n\n  deleteKey() {\n    this.err('delete');\n  }\n\n  clear() {\n    this.update(undefined, 'clear');\n  }\n\n  forEach() {\n    this.err('forEach');\n  }\n\n  map() {\n    this.err('map');\n    return [];\n  }\n\n  reduce() {\n    this.err('reduce');\n    return null;\n  }\n}\n","import { booleanMode, collectionObj, optionsObj } from './types';\nimport { IntIndexedCollection } from './IntIndexedCollection';\nimport { Match } from './utils/Match';\nimport { filterAction, orderingFn } from './types.methods';\nimport { Stopper } from './utils/Stopper';\nimport Collection from './Collection';\n\nexport default class StringCollection extends IntIndexedCollection\n  implements collectionObj<string, number, string> {\n  constructor(store: string, options?: optionsObj) {\n    super(store, options);\n    this._store = store;\n  }\n\n  // region inspection\n  get size() {\n    return this.store.length;\n  }\n\n  get items() {\n    return this.store.split('');\n  }\n\n  hasItem(str) {\n    if (str instanceof RegExp) {\n      return str.test(this.store);\n    }\n    return this.store.includes(str);\n  }\n\n  hasKey(i: number) {\n    if (i % 1) {\n      return false;\n    }\n    return i >= 0 && i < this.size;\n  }\n\n  keyOf(item: string) {\n    const indexOf = this.store.indexOf(item);\n    if (indexOf === -1) {\n      return undefined;\n    }\n    return indexOf;\n  }\n\n  // endregion\n\n  // region changes\n\n  /**\n   * acts like array.splice; inserts a string into/over part of the item;\n   * @param key\n   * @param item\n   */\n  set(key: number, item: string) {\n    const prefix = this.store.substring(0, key) || '';\n    const suffix = this.store.substring(key + Math.max(item.length, 1)) || '';\n    this.update(prefix + item + suffix, 'set', key, item);\n    return this;\n  }\n\n  get(key: number) {\n    if (key < 0 || key > this.size) {\n      return undefined;\n    }\n    return this.store.substring(key, key + 1);\n  }\n\n  deleteKey(key: number | Array<number>) {\n    if (Array.isArray(key)) {\n      return this.filter((_item, itemKey) => {\n        return !Match.sameKey(itemKey, key, this);\n      });\n    }\n    return this.set(key, '');\n  }\n\n  deleteItem(\n    item: Array<string> | string\n  ): collectionObj<string, number, string> {\n    if (Array.isArray(item)) {\n      const cloned = this.clone({ quiet: true });\n      cloned.filter(otherItem => !Match.sameItem(otherItem, item, this));\n      this.update(cloned.store, 'deleteItem', item);\n    }\n    let newStore: string = this.store;\n    let length = newStore.length;\n    do {\n      length = newStore.length;\n      newStore = newStore.replace(item as string, '');\n    } while (newStore && newStore.length < length);\n\n    this.update(newStore, 'deleteItem', item);\n    return this;\n  }\n\n  clear() {\n    this.update('', 'clear');\n    return this;\n  }\n\n  reverse(): collectionObj<string, number, string> {\n    return new StringCollection(this.items.reverse().join(''));\n  }\n\n  // note - this is the one version of sort where the item types are known to be 1-char strings\n  // so the default array sort works fine as a default\n  sort(sort?: orderingFn): collectionObj<string, number, string> {\n    const letters = Collection.create(\n      this.store.split(''),\n      this.mergeOptions({ quiet: true })\n    );\n    letters.sort(this.sorter(sort));\n    this.update(letters.store.join(''), 'sort', sort);\n    return this;\n  }\n\n  // endregion\n\n  // region iteration\n\n  // endregion\n\n  // region duplication\n\n  clone(options?: optionsObj) {\n    return new StringCollection(this.store, this.mergeOptions(options));\n  }\n\n  filter(test: filterAction) {\n    const newStore = this.reduce((memo, letter, key, _original, stopper) => {\n      const use = test(letter, key, this.store, stopper);\n      if (use && stopper.isActive) {\n        return `${memo}${letter}`;\n      }\n      return memo;\n    }, '');\n\n    this.update(newStore, 'filter', test);\n    return this;\n  }\n\n  // endregion\n\n  // region boolean\n\n  difference(\n    itemsToRemove: collectionObj<any, any, any> | string | string[],\n    _mode: booleanMode = booleanMode.byKey\n  ): collectionObj<string, number, string> {\n    if (typeof itemsToRemove === 'string' || Array.isArray(itemsToRemove)) {\n      const next = new StringCollection(this.store);\n      next.deleteItem(itemsToRemove);\n      return next;\n    }\n    return this.difference(itemsToRemove.store);\n  }\n\n  union(\n    other: collectionObj<any, any, any> | string | string[],\n    _mode: booleanMode = booleanMode.byKey\n  ): collectionObj<string, number, string> {\n    if (typeof other === 'string') {\n      return this.union(other.split(''));\n    }\n    if (Array.isArray(other)) {\n      const chars = [...this.items, ...other];\n      const unique: string = chars.reduce((memo, char: string) => {\n        if (memo.includes(char)) {\n          return memo;\n        }\n        return memo + char;\n      }, '');\n      return new StringCollection(unique);\n    }\n    return this.union(other.store);\n  }\n\n  map(looper) {\n    const stopper = new Stopper();\n    const newStore: string[] = [];\n    const iter = this.storeIter();\n\n    for (const [key, keyItem] of iter) {\n      const item = looper(keyItem, key, this._store, stopper);\n      if (stopper.isStopped) {\n        break;\n      }\n      newStore.push(item);\n      if (stopper.isComplete) {\n        break;\n      }\n    }\n\n    this.update(newStore.join(''), 'map', looper);\n    return this;\n  }\n\n  intersection(\n    other: collectionObj<any, any, any> | string | string[]\n  ): collectionObj<string, number, string> {\n    if (typeof other === 'string') {\n      return this.intersection(other.split(''));\n    }\n    if (Array.isArray(other)) {\n      const unique: string[] = this.items.filter(char => other.includes(char));\n      return new StringCollection(unique.join(''));\n    }\n    return this.intersection(other.items);\n  }\n\n  // endregion\n\n  storeIter() {\n    return this.items.entries();\n  }\n\n  keyIter() {\n    return this.keys[Symbol.iterator]();\n  }\n\n  itemIter() {\n    return this.items[Symbol.iterator]();\n  }\n}\n","import Collection from './Collection';\nimport { Stopper } from './utils/Stopper';\nimport { typesMethods, reduceAction } from './types.methods';\n\n/**\n * this is the base class for items in which the keys are not named strings but are\n * implicit order numbers - such as Arrays and the character indexes of strings.\n */\nexport abstract class IntIndexedCollection extends Collection {\n  get keys() {\n    const out: Array<number> = [];\n    for (let i = 0; i < this.size; ++i) {\n      out.push(i);\n    }\n    return out;\n  }\n\n  forEach(action: typesMethods) {\n    const stopper = new Stopper();\n\n    const originalValue = this.store;\n    const items = this.items;\n    for (let i = 0; i < this.size; ++i) {\n      action(items[i], i, originalValue, stopper);\n      if (stopper.isStopped) {\n        break;\n      }\n    }\n\n    return this;\n  }\n\n  map(looper) {\n    const stopper = new Stopper();\n    const newStore: any[] = [];\n    const iter = this.storeIter();\n\n    for (const [key, keyItem] of iter) {\n      const item = looper(keyItem, key, this._store, stopper);\n      if (stopper.isStopped) {\n        break;\n      }\n      newStore[key] = item;\n      if (stopper.isComplete) {\n        break;\n      }\n    }\n\n    this.update(newStore, 'map', looper);\n    return this;\n  }\n\n  reduce(looper: reduceAction, initial?: any): any {\n    const stopper = new Stopper();\n    const iter = this.storeIter();\n\n    let out = initial;\n    for (const [key, keyItem] of iter) {\n      const next = looper(out, keyItem, key, this._store, stopper);\n      if (stopper.isStopped) {\n        break;\n      }\n      out = next;\n      if (stopper.isComplete) {\n        break;\n      }\n    }\n    return out;\n  }\n\n  reduceC(looper, start) {\n    const out = this.reduce(looper, start);\n    return Collection.create(out);\n  }\n\n  // iterators\n\n  storeIter() {\n    return this._store.entries();\n  }\n\n  keyIter() {\n    return this._store.keys();\n  }\n\n  itemIter() {\n    return this._store.values();\n  }\n}\n","import { IntIndexedCollection } from './IntIndexedCollection';\nimport { collectionObj, optionsObj } from './types';\nimport { Stopper } from './utils/Stopper';\nimport { Match } from './utils/Match';\nimport { orderingFn } from './types.methods';\nimport compare from './utils/compare';\n\nexport default class ArrayCollection extends IntIndexedCollection\n  implements collectionObj<any[], number, any> {\n  protected _store: any[];\n  constructor(store: any[], options?: optionsObj) {\n    super(store, options);\n    this.update(store, 'constructor');\n    this._store = store; // because typescript is a weak chump\n  }\n\n  get size() {\n    return this.store.length;\n  }\n\n  get items() {\n    return [...this.store];\n  }\n\n  get(key: number) {\n    return this.store[key];\n  }\n\n  set(key: number, item) {\n    const next = [...this.store];\n    next[key] = item;\n    this.update(next, 'set', key, item);\n    return this;\n  }\n\n  keyOf(item) {\n    let index = this.store.indexOf(item);\n    if (index === -1) {\n      index = undefined;\n    }\n    return index;\n  }\n\n  hasItem(item) {\n    return this.store.includes(item);\n  }\n\n  clear() {\n    this.update([], 'clear');\n    return this;\n  }\n\n  deleteKey(key: number | number[]) {\n    return this.filter((_item, oKey) => !Match.sameKey(oKey, key, this));\n  }\n\n  deleteItem(item: any | any[]) {\n    return this.store.filter(sItem => !Match.sameItem(sItem, item, this));\n  }\n\n  hasKey(key: number) {\n    return key >= 0 && key < this.size && !(key % 1);\n  }\n\n  sort(sortFn: orderingFn = compare) {\n    this.update(this.store.sort(this.sorter(sortFn)), 'sort', sortFn);\n    return this;\n  }\n\n  clone(newOptions?: optionsObj) {\n    return new ArrayCollection([...this.store], this.mergeOptions(newOptions));\n  }\n\n  filter(filterTest) {\n    const stopper = new Stopper();\n    const newStore: any[] = [];\n    for (let i = 0; i < this.size; ++i) {\n      const item = this.get(i);\n      const use = filterTest(item, i, this.store, stopper);\n      if (stopper.isStopped) {\n        break;\n      }\n      if (use) newStore.push(item);\n      if (stopper.isLast) {\n        break;\n      }\n    }\n    this.update(newStore, 'filter', filterTest);\n    return this;\n  }\n}\n","import CompoundCollection from './CompoundCollection';\nimport { collectionObj, optionsObj } from './types';\nimport { Match } from './utils/Match';\nimport { clone } from './utils/change';\nimport { orderingFn } from './types.methods';\nimport compare from './utils/compare';\n\ntype obj = { [key: string]: any };\nexport default class ObjectCollection extends CompoundCollection\n  implements collectionObj<obj, string, any> {\n  protected _store: object;\n\n  constructor(store: object, options?: optionsObj) {\n    super(store, options);\n    this.update(store, 'constructor', options);\n    this._store = store;\n  }\n\n  get size() {\n    return Array.from(this.keys).length;\n  }\n\n  get keys() {\n    return Array.from(Object.keys(this.store));\n  }\n\n  get items() {\n    return Array.from(Object.values(this.store));\n  }\n\n  get(key) {\n    return this.store[key];\n  }\n\n  set(key: string, item) {\n    this._store[key] = item;\n    return this;\n  }\n\n  keyOf(item): string | undefined {\n    for (const oKey of Object.keys(this.store)) {\n      const oItem = this.get(oKey);\n      if (Match.sameItem(oItem, item, this)) {\n        return oKey;\n      }\n    }\n    return undefined;\n  }\n\n  hasItem(item) {\n    for (const oItem of Object.values(this.store)) {\n      if (Match.sameItem(oItem, item, this)) {\n        return true;\n      }\n    }\n    return false;\n  }\n\n  hasKey(key) {\n    for (const oKey of Object.keys(this.store)) {\n      if (Match.sameKey(oKey, key, this)) {\n        return true;\n      }\n    }\n    return false;\n  }\n\n  clear() {\n    this.update({}, 'clear');\n    return this;\n  }\n\n  // this is a little dicey but...\n  sort(sortFn: orderingFn = compare) {\n    const keyArray = Array.from(this.keys).sort(this.sorter(sortFn));\n    const newStore = {};\n    for (const key of keyArray) {\n      newStore[key] = this.get(key);\n    }\n    this.update(newStore, 'sort', sortFn);\n    return this;\n  }\n\n  clone(newOptions?: optionsObj) {\n    return new ObjectCollection(\n      clone(this._store),\n      this.mergeOptions(newOptions)\n    );\n  }\n  // iterators\n\n  keyIter(): IterableIterator<any> {\n    return Object.keys(this.store)[Symbol.iterator]();\n  }\n\n  itemIter(): IterableIterator<any> {\n    return Object.values(this.store)[Symbol.iterator]();\n  }\n\n  storeIter(): IterableIterator<any> {\n    return Object.entries(this.store)[Symbol.iterator]();\n  }\n}\n","import Collection from './Collection';\nimport { collectionObj, optionsObj } from './types';\nimport {\n  filterAction,\n  orderingFn,\n  reduceAction,\n  typesMethods,\n} from './types.methods';\nimport { Stopper } from './utils/Stopper';\n\nexport default class SetCollection extends Collection\n  implements collectionObj<any, any, any> {\n  protected _store: Set<any>;\n  constructor(store, options?: optionsObj) {\n    super(store, options);\n    this._store = store;\n  }\n\n  clear() {\n    this.update(new Set(), 'clear');\n    return this;\n  }\n\n  clone(options?: optionsObj) {\n    return new SetCollection(new Set(this.store), this.mergeOptions(options));\n  }\n\n  deleteItem(item: any) {\n    const store = new Set(this._store);\n    store.delete(item);\n    this.update(store, 'deleteItem');\n    return this;\n  }\n\n  deleteKey(key: any) {\n    if (Array.isArray(key)) {\n      const store = this.reduce((memo, item, rKey) => {\n        if (!key.includes(rKey)) {\n          memo.add(item);\n        }\n        return memo;\n      }, new Set());\n      this.update(store, 'deleteKey');\n      return this;\n    }\n\n    if (this.hasKey(key)) {\n      const item = this.get(key);\n\n      const set = new Set(this._store);\n      set.delete(item);\n      this.update(set, 'deleteKey');\n    }\n    return this;\n  }\n\n  add(item) {\n    const store = new Set(this._store);\n    store.add(item);\n    return this.update(store, 'add');\n  }\n\n  filter(action: filterAction) {\n    const newSet = new Set(this._store);\n\n    this.forEach((item, key, store, stopper) => {\n      const use = action(item, key, store, stopper);\n      if (stopper.isActive && use) {\n        newSet.add(item);\n      }\n    });\n\n    this.update(newSet, 'filter');\n    return this;\n  }\n\n  forEach(action: typesMethods) {\n    const set = this.clone(this.mergeOptions({ quiet: true }));\n    const stopper = new Stopper();\n\n    const iter = set.storeIter();\n    for (const [iterKey, iterItem] of iter) {\n      action(iterItem, iterKey, this.store, stopper);\n      if (stopper.isStopped) {\n        break;\n      }\n      if (stopper.isLast) {\n        break;\n      }\n    }\n\n    return this;\n  }\n\n  get(key: any): any {\n    if (this.size <= key) return undefined;\n    return this.items[key];\n  }\n\n  hasItem(item: any): boolean {\n    if (this.store.has(item)) return true;\n    return this.reduce((memo, value, _key, _store, stopper) => {\n      if (this.compItems(value, item)) {\n        stopper.final();\n        return true;\n      }\n      return memo;\n    }, false);\n  }\n\n  hasKey(key: any): boolean {\n    return typeof key === 'number' && this.size > key;\n  }\n\n  itemIter(): IterableIterator<any> {\n    return this.store.values();\n  }\n\n  keyIter(): IterableIterator<any> {\n    const keys: number[] = [];\n    for (let i = 0; i < this.size; ++i) {\n      keys.push(i);\n    }\n    return Collection.create(keys).keyIter();\n  }\n\n  keyOf(item: any): any {\n    if (!this.hasItem(item)) return undefined;\n    return this.reduce((memo, reduceItem, key, _store, stopper) => {\n      if (this.compItems(item, reduceItem)) {\n        stopper.final();\n        return key;\n      }\n      return memo;\n    }, undefined);\n  }\n\n  map(action: typesMethods) {\n    const newItems = new Set();\n    this.forEach((item, key, _store, stopper) => {\n      const newItem = action(item, key, this.store, stopper);\n      if (stopper.isActive) {\n        newItems.add(newItem);\n      }\n    });\n    this.update(newItems, 'map');\n    return this;\n  }\n\n  reduce(action: reduceAction, initial: any): any {\n    const arrayStore = Collection.create(this.items, this.options);\n    const subAction = (memo, item, key, _store, stopper) => {\n      return action(memo, item, key, this.store, stopper);\n    };\n    return arrayStore.reduce(subAction, initial);\n  }\n\n  reduceC(action: reduceAction, initial: any) {\n    return this.c.reduce(action, initial);\n  }\n\n  set(key: any, item: any) {\n    console.warn(\n      'set key/value has unpredictable results on a set collection; use add(item) for consistent results'\n    );\n    if (key > this.size) {\n      return this.add(item);\n    }\n    return this.map((mapItem, mapKey) => {\n      if (mapKey === key) return item;\n      return mapItem;\n    });\n  }\n\n  sort(sorter: orderingFn | undefined) {\n    const arrayOfItems = Collection.create(this.items, this.options);\n    arrayOfItems.sort(sorter);\n\n    this.update(new Set(arrayOfItems.store), 'sort');\n    return this;\n  }\n\n  storeIter(): IterableIterator<any> {\n    return Collection.create(this.items).storeIter();\n  }\n\n  get items(): any[] {\n    const items: any[] = [];\n    this.store.forEach(item => items.push(item));\n    return items;\n  }\n\n  get keys(): number[] {\n    const keys: any[] = [];\n    for (let i = 0; i < this.size; ++i) keys.push(i);\n    return keys;\n  }\n\n  get size(): number {\n    return this.store.size;\n  }\n}\n","import {clone, makeEmpty, amend} from './change';\nimport compare from './compare';\nimport {Stopper} from \"./Stopper\";\nimport {Match} from \"./Match\";\n\nexport {\n  compare,\n  Match,\n  Stopper,\n  clone,\n  amend,\n  makeEmpty\n}\n"],"names":[],"version":3,"file":"index.js.map","sourceRoot":"../"},"_coverageSchema":"1a1c01bbd47fc00a2c39e90264f33305004495a9","hash":"0da0e4ce76699b1449e4d5529db8d3ed0e7e073f","contentHash":"46ac9e8a7f15866a8228657139962571540d67707c09b354ea6fc57d0d28f3b4"}}